mode: atomic
github.com/vchavkov/hr/services/api/internal/crypto/aes.go:21.60,22.24 1 6
github.com/vchavkov/hr/services/api/internal/crypto/aes.go:22.24,24.3 1 1
github.com/vchavkov/hr/services/api/internal/crypto/aes.go:26.2,27.16 2 5
github.com/vchavkov/hr/services/api/internal/crypto/aes.go:27.16,29.3 1 0
github.com/vchavkov/hr/services/api/internal/crypto/aes.go:31.2,32.16 2 5
github.com/vchavkov/hr/services/api/internal/crypto/aes.go:32.16,34.3 1 0
github.com/vchavkov/hr/services/api/internal/crypto/aes.go:36.2,37.59 2 5
github.com/vchavkov/hr/services/api/internal/crypto/aes.go:37.59,39.3 1 0
github.com/vchavkov/hr/services/api/internal/crypto/aes.go:41.2,42.55 2 5
github.com/vchavkov/hr/services/api/internal/crypto/aes.go:46.61,47.24 1 2
github.com/vchavkov/hr/services/api/internal/crypto/aes.go:47.24,49.3 1 0
github.com/vchavkov/hr/services/api/internal/crypto/aes.go:51.2,52.16 2 2
github.com/vchavkov/hr/services/api/internal/crypto/aes.go:52.16,54.3 1 0
github.com/vchavkov/hr/services/api/internal/crypto/aes.go:56.2,57.16 2 2
github.com/vchavkov/hr/services/api/internal/crypto/aes.go:57.16,59.3 1 0
github.com/vchavkov/hr/services/api/internal/crypto/aes.go:61.2,62.16 2 2
github.com/vchavkov/hr/services/api/internal/crypto/aes.go:62.16,64.3 1 0
github.com/vchavkov/hr/services/api/internal/crypto/aes.go:66.2,67.27 2 2
github.com/vchavkov/hr/services/api/internal/crypto/aes.go:67.27,69.3 1 0
github.com/vchavkov/hr/services/api/internal/crypto/aes.go:71.2,73.16 3 2
github.com/vchavkov/hr/services/api/internal/crypto/aes.go:73.16,75.3 1 1
github.com/vchavkov/hr/services/api/internal/crypto/aes.go:77.2,77.23 1 1
github.com/vchavkov/hr/services/api/internal/crypto/aes.go:81.35,83.15 2 0
github.com/vchavkov/hr/services/api/internal/crypto/aes.go:83.15,85.3 1 0
github.com/vchavkov/hr/services/api/internal/crypto/aes.go:86.2,87.24 2 0
github.com/vchavkov/hr/services/api/internal/crypto/aes.go:87.24,89.3 1 0
github.com/vchavkov/hr/services/api/internal/crypto/aes.go:90.2,90.17 1 0
github.com/vchavkov/hr/services/api/internal/cache/cache.go:21.48,23.16 2 2
github.com/vchavkov/hr/services/api/internal/cache/cache.go:23.16,25.3 1 0
github.com/vchavkov/hr/services/api/internal/cache/cache.go:26.2,31.47 4 2
github.com/vchavkov/hr/services/api/internal/cache/cache.go:31.47,33.3 1 0
github.com/vchavkov/hr/services/api/internal/cache/cache.go:35.2,40.16 2 2
github.com/vchavkov/hr/services/api/internal/cache/cache.go:40.16,42.3 1 0
github.com/vchavkov/hr/services/api/internal/cache/cache.go:44.2,48.8 1 2
github.com/vchavkov/hr/services/api/internal/cache/cache.go:53.70,55.40 1 3
github.com/vchavkov/hr/services/api/internal/cache/cache.go:55.40,56.35 1 2
github.com/vchavkov/hr/services/api/internal/cache/cache.go:56.35,58.4 1 2
github.com/vchavkov/hr/services/api/internal/cache/cache.go:62.2,63.16 2 1
github.com/vchavkov/hr/services/api/internal/cache/cache.go:63.16,65.3 1 0
github.com/vchavkov/hr/services/api/internal/cache/cache.go:68.2,70.42 2 1
github.com/vchavkov/hr/services/api/internal/cache/cache.go:74.75,76.2 1 0
github.com/vchavkov/hr/services/api/internal/cache/cache.go:80.90,82.16 2 2
github.com/vchavkov/hr/services/api/internal/cache/cache.go:82.16,84.3 1 0
github.com/vchavkov/hr/services/api/internal/cache/cache.go:87.2,95.12 7 2
github.com/vchavkov/hr/services/api/internal/cache/cache.go:99.37,101.2 1 1
github.com/vchavkov/hr/services/api/internal/cache/cache.go:104.49,106.2 1 0
github.com/vchavkov/hr/services/api/internal/cache/cache.go:109.74,112.21 3 0
github.com/vchavkov/hr/services/api/internal/cache/cache.go:112.21,114.3 1 0
github.com/vchavkov/hr/services/api/internal/cache/cache.go:115.2,115.35 1 0
github.com/vchavkov/hr/services/api/internal/cache/cache.go:115.35,117.3 1 0
github.com/vchavkov/hr/services/api/internal/cache/cache.go:119.2,119.27 1 0
github.com/vchavkov/hr/services/api/internal/cache/cache.go:119.27,121.3 1 0
github.com/vchavkov/hr/services/api/internal/cache/cache.go:122.2,122.19 1 0
github.com/vchavkov/hr/services/api/internal/cache/cache.go:122.19,124.3 1 0
github.com/vchavkov/hr/services/api/internal/cache/cache.go:125.2,125.12 1 0
github.com/vchavkov/hr/services/api/cmd/worker/main.go:19.13,21.16 2 0
github.com/vchavkov/hr/services/api/cmd/worker/main.go:21.16,23.3 1 0
github.com/vchavkov/hr/services/api/cmd/worker/main.go:25.2,28.16 3 0
github.com/vchavkov/hr/services/api/cmd/worker/main.go:28.16,30.3 1 0
github.com/vchavkov/hr/services/api/cmd/worker/main.go:31.2,59.12 12 0
github.com/vchavkov/hr/services/api/cmd/worker/main.go:59.12,61.38 2 0
github.com/vchavkov/hr/services/api/cmd/worker/main.go:61.38,63.4 1 0
github.com/vchavkov/hr/services/api/cmd/worker/main.go:66.2,68.16 3 0
github.com/vchavkov/hr/services/api/cmd/worker/main.go:72.40,74.45 2 0
github.com/vchavkov/hr/services/api/cmd/worker/main.go:74.45,76.3 1 0
github.com/vchavkov/hr/services/api/cmd/worker/main.go:77.2,77.25 1 0
github.com/vchavkov/hr/services/api/cmd/worker/main.go:77.25,78.15 1 0
github.com/vchavkov/hr/services/api/cmd/worker/main.go:78.15,80.9 2 0
github.com/vchavkov/hr/services/api/cmd/worker/main.go:83.2,83.13 1 0
github.com/vchavkov/hr/services/api/docs/docs.go:2109.13,2111.2 1 0
github.com/vchavkov/hr/services/api/internal/cachekeys/odoo.go:6.51,8.2 1 0
github.com/vchavkov/hr/services/api/internal/config/config.go:35.30,60.28 3 0
github.com/vchavkov/hr/services/api/internal/config/config.go:60.28,62.3 1 0
github.com/vchavkov/hr/services/api/internal/config/config.go:64.2,64.78 1 0
github.com/vchavkov/hr/services/api/internal/config/config.go:64.78,66.3 1 0
github.com/vchavkov/hr/services/api/internal/config/config.go:68.2,68.19 1 0
github.com/vchavkov/hr/services/api/internal/config/config.go:68.19,70.3 1 0
github.com/vchavkov/hr/services/api/internal/config/config.go:72.2,72.17 1 0
github.com/vchavkov/hr/services/api/internal/config/config.go:75.48,76.34 1 0
github.com/vchavkov/hr/services/api/internal/config/config.go:76.34,78.3 1 0
github.com/vchavkov/hr/services/api/internal/config/config.go:79.2,79.17 1 0
github.com/vchavkov/hr/services/api/internal/config/config.go:82.52,83.34 1 0
github.com/vchavkov/hr/services/api/internal/config/config.go:83.34,84.44 1 0
github.com/vchavkov/hr/services/api/internal/config/config.go:84.44,86.4 1 0
github.com/vchavkov/hr/services/api/internal/config/config.go:88.2,88.17 1 0
github.com/vchavkov/hr/services/api/internal/db/audit.sql.go:40.114,61.2 4 0
github.com/vchavkov/hr/services/api/internal/db/audit.sql.go:93.116,100.16 2 0
github.com/vchavkov/hr/services/api/internal/db/audit.sql.go:100.16,102.3 1 0
github.com/vchavkov/hr/services/api/internal/db/audit.sql.go:103.2,105.18 3 0
github.com/vchavkov/hr/services/api/internal/db/audit.sql.go:105.18,116.17 2 0
github.com/vchavkov/hr/services/api/internal/db/audit.sql.go:116.17,118.4 1 0
github.com/vchavkov/hr/services/api/internal/db/audit.sql.go:119.3,119.27 1 0
github.com/vchavkov/hr/services/api/internal/db/audit.sql.go:121.2,121.35 1 0
github.com/vchavkov/hr/services/api/internal/db/audit.sql.go:121.35,123.3 1 0
github.com/vchavkov/hr/services/api/internal/db/audit.sql.go:124.2,124.19 1 0
github.com/vchavkov/hr/services/api/internal/db/db.go:20.28,22.2 1 0
github.com/vchavkov/hr/services/api/internal/db/db.go:28.46,32.2 1 0
github.com/vchavkov/hr/services/api/internal/db/employees.sql.go:43.108,67.2 4 0
github.com/vchavkov/hr/services/api/internal/db/employees.sql.go:93.99,109.2 4 0
github.com/vchavkov/hr/services/api/internal/db/employees.sql.go:135.123,151.2 4 0
github.com/vchavkov/hr/services/api/internal/db/employees.sql.go:181.107,188.16 2 0
github.com/vchavkov/hr/services/api/internal/db/employees.sql.go:188.16,190.3 1 0
github.com/vchavkov/hr/services/api/internal/db/employees.sql.go:191.2,193.18 3 0
github.com/vchavkov/hr/services/api/internal/db/employees.sql.go:193.18,206.17 2 0
github.com/vchavkov/hr/services/api/internal/db/employees.sql.go:206.17,208.4 1 0
github.com/vchavkov/hr/services/api/internal/db/employees.sql.go:209.3,209.27 1 0
github.com/vchavkov/hr/services/api/internal/db/employees.sql.go:211.2,211.35 1 0
github.com/vchavkov/hr/services/api/internal/db/employees.sql.go:211.35,213.3 1 0
github.com/vchavkov/hr/services/api/internal/db/employees.sql.go:214.2,214.19 1 0
github.com/vchavkov/hr/services/api/internal/db/employees.sql.go:247.108,271.2 4 0
github.com/vchavkov/hr/services/api/internal/db/organizations.sql.go:26.101,29.2 2 0
github.com/vchavkov/hr/services/api/internal/db/organizations.sql.go:44.111,64.2 4 0
github.com/vchavkov/hr/services/api/internal/db/organizations.sql.go:74.89,89.2 4 0
github.com/vchavkov/hr/services/api/internal/db/organizations.sql.go:122.105,136.2 4 0
github.com/vchavkov/hr/services/api/internal/db/organizations.sql.go:144.98,159.2 4 0
github.com/vchavkov/hr/services/api/internal/db/organizations.sql.go:167.114,182.2 4 0
github.com/vchavkov/hr/services/api/internal/db/organizations.sql.go:190.97,205.2 4 0
github.com/vchavkov/hr/services/api/internal/db/organizations.sql.go:213.126,228.2 4 0
github.com/vchavkov/hr/services/api/internal/db/organizations.sql.go:259.118,261.16 2 0
github.com/vchavkov/hr/services/api/internal/db/organizations.sql.go:261.16,263.3 1 0
github.com/vchavkov/hr/services/api/internal/db/organizations.sql.go:264.2,266.18 3 0
github.com/vchavkov/hr/services/api/internal/db/organizations.sql.go:266.18,278.17 2 0
github.com/vchavkov/hr/services/api/internal/db/organizations.sql.go:278.17,280.4 1 0
github.com/vchavkov/hr/services/api/internal/db/organizations.sql.go:281.3,281.27 1 0
github.com/vchavkov/hr/services/api/internal/db/organizations.sql.go:283.2,283.35 1 0
github.com/vchavkov/hr/services/api/internal/db/organizations.sql.go:283.35,285.3 1 0
github.com/vchavkov/hr/services/api/internal/db/organizations.sql.go:286.2,286.19 1 0
github.com/vchavkov/hr/services/api/internal/db/organizations.sql.go:300.107,303.2 2 0
github.com/vchavkov/hr/services/api/internal/db/organizations.sql.go:316.119,319.2 2 0
github.com/vchavkov/hr/services/api/internal/db/payroll.sql.go:25.100,30.2 4 0
github.com/vchavkov/hr/services/api/internal/db/payroll.sql.go:46.105,69.2 4 0
github.com/vchavkov/hr/services/api/internal/db/payroll.sql.go:90.96,119.2 4 0
github.com/vchavkov/hr/services/api/internal/db/payroll.sql.go:132.99,149.2 4 0
github.com/vchavkov/hr/services/api/internal/db/payroll.sql.go:157.94,174.2 4 0
github.com/vchavkov/hr/services/api/internal/db/payroll.sql.go:188.90,206.2 4 0
github.com/vchavkov/hr/services/api/internal/db/payroll.sql.go:223.105,230.16 2 0
github.com/vchavkov/hr/services/api/internal/db/payroll.sql.go:230.16,232.3 1 0
github.com/vchavkov/hr/services/api/internal/db/payroll.sql.go:233.2,235.18 3 0
github.com/vchavkov/hr/services/api/internal/db/payroll.sql.go:235.18,249.17 2 0
github.com/vchavkov/hr/services/api/internal/db/payroll.sql.go:249.17,251.4 1 0
github.com/vchavkov/hr/services/api/internal/db/payroll.sql.go:252.3,252.27 1 0
github.com/vchavkov/hr/services/api/internal/db/payroll.sql.go:254.2,254.35 1 0
github.com/vchavkov/hr/services/api/internal/db/payroll.sql.go:254.35,256.3 1 0
github.com/vchavkov/hr/services/api/internal/db/payroll.sql.go:257.2,257.19 1 0
github.com/vchavkov/hr/services/api/internal/db/payroll.sql.go:273.106,275.16 2 0
github.com/vchavkov/hr/services/api/internal/db/payroll.sql.go:275.16,277.3 1 0
github.com/vchavkov/hr/services/api/internal/db/payroll.sql.go:278.2,280.18 3 0
github.com/vchavkov/hr/services/api/internal/db/payroll.sql.go:280.18,295.17 2 0
github.com/vchavkov/hr/services/api/internal/db/payroll.sql.go:295.17,297.4 1 0
github.com/vchavkov/hr/services/api/internal/db/payroll.sql.go:298.3,298.27 1 0
github.com/vchavkov/hr/services/api/internal/db/payroll.sql.go:300.2,300.35 1 0
github.com/vchavkov/hr/services/api/internal/db/payroll.sql.go:300.35,302.3 1 0
github.com/vchavkov/hr/services/api/internal/db/payroll.sql.go:303.2,303.19 1 0
github.com/vchavkov/hr/services/api/internal/db/payroll.sql.go:315.103,318.2 2 0
github.com/vchavkov/hr/services/api/internal/db/payroll.sql.go:324.92,327.2 2 0
github.com/vchavkov/hr/services/api/internal/db/payroll.sql.go:339.95,342.2 2 0
github.com/vchavkov/hr/services/api/internal/db/payroll.sql.go:353.109,356.2 2 0
github.com/vchavkov/hr/services/api/internal/db/payroll.sql.go:368.103,371.2 2 0
github.com/vchavkov/hr/services/api/internal/db/pool.go:11.78,13.16 2 0
github.com/vchavkov/hr/services/api/internal/db/pool.go:13.16,15.3 1 0
github.com/vchavkov/hr/services/api/internal/db/pool.go:17.2,18.16 2 0
github.com/vchavkov/hr/services/api/internal/db/pool.go:18.16,20.3 1 0
github.com/vchavkov/hr/services/api/internal/db/pool.go:22.2,22.39 1 0
github.com/vchavkov/hr/services/api/internal/db/pool.go:22.39,25.3 2 0
github.com/vchavkov/hr/services/api/internal/db/pool.go:27.2,27.18 1 0
github.com/vchavkov/hr/services/api/internal/db/users.sql.go:44.102,69.2 4 0
github.com/vchavkov/hr/services/api/internal/db/users.sql.go:84.111,101.2 4 0
github.com/vchavkov/hr/services/api/internal/db/users.sql.go:115.87,128.2 4 0
github.com/vchavkov/hr/services/api/internal/db/users.sql.go:139.91,142.2 2 0
github.com/vchavkov/hr/services/api/internal/db/users.sql.go:148.77,151.2 2 0
github.com/vchavkov/hr/services/api/internal/db/users.sql.go:157.73,160.2 2 0
github.com/vchavkov/hr/services/api/internal/db/users.sql.go:166.83,169.2 2 0
github.com/vchavkov/hr/services/api/internal/db/users.sql.go:191.100,208.2 4 0
github.com/vchavkov/hr/services/api/internal/db/users.sql.go:216.96,228.2 4 0
github.com/vchavkov/hr/services/api/internal/db/users.sql.go:236.83,249.2 4 0
github.com/vchavkov/hr/services/api/internal/db/users.sql.go:257.82,270.2 4 0
github.com/vchavkov/hr/services/api/internal/db/users.sql.go:298.119,300.16 2 0
github.com/vchavkov/hr/services/api/internal/db/users.sql.go:300.16,302.3 1 0
github.com/vchavkov/hr/services/api/internal/db/users.sql.go:303.2,305.18 3 0
github.com/vchavkov/hr/services/api/internal/db/users.sql.go:305.18,319.17 2 0
github.com/vchavkov/hr/services/api/internal/db/users.sql.go:319.17,321.4 1 0
github.com/vchavkov/hr/services/api/internal/db/users.sql.go:322.3,322.27 1 0
github.com/vchavkov/hr/services/api/internal/db/users.sql.go:324.2,324.35 1 0
github.com/vchavkov/hr/services/api/internal/db/users.sql.go:324.35,326.3 1 0
github.com/vchavkov/hr/services/api/internal/db/users.sql.go:327.2,327.19 1 0
github.com/vchavkov/hr/services/api/internal/db/users.sql.go:334.83,337.2 2 0
github.com/vchavkov/hr/services/api/internal/db/users.sql.go:348.87,351.2 2 0
github.com/vchavkov/hr/services/api/internal/db/webhooks.sql.go:26.120,41.2 4 0
github.com/vchavkov/hr/services/api/internal/db/webhooks.sql.go:68.141,88.2 4 0
github.com/vchavkov/hr/services/api/internal/db/webhooks.sql.go:99.93,102.2 2 0
github.com/vchavkov/hr/services/api/internal/db/webhooks.sql.go:126.132,140.2 4 0
github.com/vchavkov/hr/services/api/internal/db/webhooks.sql.go:156.126,158.16 2 0
github.com/vchavkov/hr/services/api/internal/db/webhooks.sql.go:158.16,160.3 1 0
github.com/vchavkov/hr/services/api/internal/db/webhooks.sql.go:161.2,163.18 3 0
github.com/vchavkov/hr/services/api/internal/db/webhooks.sql.go:163.18,175.17 2 0
github.com/vchavkov/hr/services/api/internal/db/webhooks.sql.go:175.17,177.4 1 0
github.com/vchavkov/hr/services/api/internal/db/webhooks.sql.go:178.3,178.27 1 0
github.com/vchavkov/hr/services/api/internal/db/webhooks.sql.go:180.2,180.35 1 0
github.com/vchavkov/hr/services/api/internal/db/webhooks.sql.go:180.35,182.3 1 0
github.com/vchavkov/hr/services/api/internal/db/webhooks.sql.go:183.2,183.19 1 0
github.com/vchavkov/hr/services/api/internal/db/webhooks.sql.go:194.102,196.16 2 0
github.com/vchavkov/hr/services/api/internal/db/webhooks.sql.go:196.16,198.3 1 0
github.com/vchavkov/hr/services/api/internal/db/webhooks.sql.go:199.2,201.18 3 0
github.com/vchavkov/hr/services/api/internal/db/webhooks.sql.go:201.18,213.17 2 0
github.com/vchavkov/hr/services/api/internal/db/webhooks.sql.go:213.17,215.4 1 0
github.com/vchavkov/hr/services/api/internal/db/webhooks.sql.go:216.3,216.27 1 0
github.com/vchavkov/hr/services/api/internal/db/webhooks.sql.go:218.2,218.35 1 0
github.com/vchavkov/hr/services/api/internal/db/webhooks.sql.go:218.35,220.3 1 0
github.com/vchavkov/hr/services/api/internal/db/webhooks.sql.go:221.2,221.19 1 0
github.com/vchavkov/hr/services/api/internal/db/webhooks.sql.go:242.132,244.16 2 0
github.com/vchavkov/hr/services/api/internal/db/webhooks.sql.go:244.16,246.3 1 0
github.com/vchavkov/hr/services/api/internal/db/webhooks.sql.go:247.2,249.18 3 0
github.com/vchavkov/hr/services/api/internal/db/webhooks.sql.go:249.18,260.17 2 0
github.com/vchavkov/hr/services/api/internal/db/webhooks.sql.go:260.17,262.4 1 0
github.com/vchavkov/hr/services/api/internal/db/webhooks.sql.go:263.3,263.27 1 0
github.com/vchavkov/hr/services/api/internal/db/webhooks.sql.go:265.2,265.35 1 0
github.com/vchavkov/hr/services/api/internal/db/webhooks.sql.go:265.35,267.3 1 0
github.com/vchavkov/hr/services/api/internal/db/webhooks.sql.go:268.2,268.19 1 0
github.com/vchavkov/hr/services/api/internal/db/webhooks.sql.go:283.113,292.2 2 0
github.com/vchavkov/hr/services/api/cmd/server/main.go:47.13,52.16 4 0
github.com/vchavkov/hr/services/api/cmd/server/main.go:52.16,54.3 1 0
github.com/vchavkov/hr/services/api/cmd/server/main.go:56.2,61.16 4 0
github.com/vchavkov/hr/services/api/cmd/server/main.go:61.16,63.3 1 0
github.com/vchavkov/hr/services/api/cmd/server/main.go:64.2,70.16 4 0
github.com/vchavkov/hr/services/api/cmd/server/main.go:70.16,72.3 1 0
github.com/vchavkov/hr/services/api/cmd/server/main.go:75.2,88.16 10 0
github.com/vchavkov/hr/services/api/cmd/server/main.go:88.16,90.3 1 0
github.com/vchavkov/hr/services/api/cmd/server/main.go:93.2,119.15 22 0
github.com/vchavkov/hr/services/api/cmd/server/main.go:120.13,122.138 1 0
github.com/vchavkov/hr/services/api/cmd/server/main.go:123.16,124.33 1 0
github.com/vchavkov/hr/services/api/cmd/server/main.go:125.14,128.138 2 0
github.com/vchavkov/hr/services/api/cmd/server/main.go:129.10,130.67 1 0
github.com/vchavkov/hr/services/api/cmd/server/main.go:161.3,196.62 27 0
github.com/vchavkov/hr/services/api/cmd/server/main.go:196.62,201.4 1 0
github.com/vchavkov/hr/services/api/cmd/server/main.go:210.2,210.64 1 0
github.com/vchavkov/hr/services/api/cmd/server/main.go:210.64,214.3 3 0
github.com/vchavkov/hr/services/api/cmd/server/main.go:217.2,227.40 5 0
github.com/vchavkov/hr/services/api/cmd/server/main.go:227.40,231.30 2 0
github.com/vchavkov/hr/services/api/cmd/server/main.go:231.30,235.4 3 0
github.com/vchavkov/hr/services/api/cmd/server/main.go:238.3,238.30 1 0
github.com/vchavkov/hr/services/api/cmd/server/main.go:238.30,252.45 9 0
github.com/vchavkov/hr/services/api/cmd/server/main.go:252.45,258.5 5 0
github.com/vchavkov/hr/services/api/cmd/server/main.go:261.4,261.45 1 0
github.com/vchavkov/hr/services/api/cmd/server/main.go:261.45,266.5 4 0
github.com/vchavkov/hr/services/api/cmd/server/main.go:269.4,269.41 1 0
github.com/vchavkov/hr/services/api/cmd/server/main.go:269.41,276.5 6 0
github.com/vchavkov/hr/services/api/cmd/server/main.go:279.4,279.48 1 0
github.com/vchavkov/hr/services/api/cmd/server/main.go:279.48,286.5 6 0
github.com/vchavkov/hr/services/api/cmd/server/main.go:289.4,289.44 1 0
github.com/vchavkov/hr/services/api/cmd/server/main.go:289.44,293.5 3 0
github.com/vchavkov/hr/services/api/cmd/server/main.go:296.4,296.43 1 0
github.com/vchavkov/hr/services/api/cmd/server/main.go:296.43,299.5 2 0
github.com/vchavkov/hr/services/api/cmd/server/main.go:302.4,302.44 1 0
github.com/vchavkov/hr/services/api/cmd/server/main.go:302.44,307.5 4 0
github.com/vchavkov/hr/services/api/cmd/server/main.go:310.4,310.47 1 0
github.com/vchavkov/hr/services/api/cmd/server/main.go:310.47,313.5 2 0
github.com/vchavkov/hr/services/api/cmd/server/main.go:316.4,316.57 1 0
github.com/vchavkov/hr/services/api/cmd/server/main.go:316.57,320.5 3 0
github.com/vchavkov/hr/services/api/cmd/server/main.go:321.4,324.43 2 0
github.com/vchavkov/hr/services/api/cmd/server/main.go:324.43,328.5 3 0
github.com/vchavkov/hr/services/api/cmd/server/main.go:331.4,331.46 1 0
github.com/vchavkov/hr/services/api/cmd/server/main.go:331.46,335.5 3 0
github.com/vchavkov/hr/services/api/cmd/server/main.go:338.4,338.46 1 0
github.com/vchavkov/hr/services/api/cmd/server/main.go:338.46,342.5 3 0
github.com/vchavkov/hr/services/api/cmd/server/main.go:345.4,345.44 1 0
github.com/vchavkov/hr/services/api/cmd/server/main.go:345.44,349.5 3 0
github.com/vchavkov/hr/services/api/cmd/server/main.go:352.4,352.46 1 0
github.com/vchavkov/hr/services/api/cmd/server/main.go:352.46,361.5 8 0
github.com/vchavkov/hr/services/api/cmd/server/main.go:364.4,364.43 1 0
github.com/vchavkov/hr/services/api/cmd/server/main.go:364.43,378.5 13 0
github.com/vchavkov/hr/services/api/cmd/server/main.go:381.4,381.44 1 0
github.com/vchavkov/hr/services/api/cmd/server/main.go:381.44,385.5 3 0
github.com/vchavkov/hr/services/api/cmd/server/main.go:386.4,389.41 2 0
github.com/vchavkov/hr/services/api/cmd/server/main.go:389.41,393.5 3 0
github.com/vchavkov/hr/services/api/cmd/server/main.go:397.3,397.108 1 0
github.com/vchavkov/hr/services/api/cmd/server/main.go:400.2,409.12 3 0
github.com/vchavkov/hr/services/api/cmd/server/main.go:409.12,411.77 2 0
github.com/vchavkov/hr/services/api/cmd/server/main.go:411.77,413.4 1 0
github.com/vchavkov/hr/services/api/cmd/server/main.go:416.2,420.50 5 0
github.com/vchavkov/hr/services/api/cmd/server/main.go:420.50,422.3 1 0
github.com/vchavkov/hr/services/api/cmd/server/main.go:425.81,429.16 3 0
github.com/vchavkov/hr/services/api/cmd/server/main.go:429.16,431.3 1 0
github.com/vchavkov/hr/services/api/cmd/server/main.go:433.2,456.12 9 0
github.com/vchavkov/hr/services/api/cmd/server/main.go:456.12,458.38 2 0
github.com/vchavkov/hr/services/api/cmd/server/main.go:458.38,460.4 1 0
github.com/vchavkov/hr/services/api/cmd/server/main.go:463.2,465.16 3 0
github.com/vchavkov/hr/services/api/cmd/server/main.go:468.64,469.55 1 0
github.com/vchavkov/hr/services/api/cmd/server/main.go:469.55,471.17 2 0
github.com/vchavkov/hr/services/api/cmd/server/main.go:471.17,473.4 1 0
github.com/vchavkov/hr/services/api/cmd/server/main.go:474.3,475.17 2 0
github.com/vchavkov/hr/services/api/cmd/server/main.go:475.17,477.4 1 0
github.com/vchavkov/hr/services/api/cmd/server/main.go:478.3,479.17 2 0
github.com/vchavkov/hr/services/api/cmd/server/main.go:479.17,481.4 1 0
github.com/vchavkov/hr/services/api/cmd/server/main.go:482.3,483.17 2 0
github.com/vchavkov/hr/services/api/cmd/server/main.go:485.2,486.62 2 0
github.com/vchavkov/hr/services/api/cmd/server/main.go:490.40,493.45 2 0
github.com/vchavkov/hr/services/api/cmd/server/main.go:493.45,495.3 1 0
github.com/vchavkov/hr/services/api/cmd/server/main.go:497.2,497.25 1 0
github.com/vchavkov/hr/services/api/cmd/server/main.go:497.25,498.15 1 0
github.com/vchavkov/hr/services/api/cmd/server/main.go:498.15,500.9 2 0
github.com/vchavkov/hr/services/api/cmd/server/main.go:503.2,503.13 1 0
github.com/vchavkov/hr/services/api/internal/tenant/context.go:17.78,19.2 1 1
github.com/vchavkov/hr/services/api/internal/tenant/context.go:22.47,25.2 2 2
github.com/vchavkov/hr/services/api/internal/tenant/context.go:28.78,30.2 1 1
github.com/vchavkov/hr/services/api/internal/tenant/context.go:33.62,36.2 2 2
github.com/vchavkov/hr/services/api/internal/tax/calculator.go:24.29,26.2 1 60
github.com/vchavkov/hr/services/api/internal/tax/calculator.go:30.58,35.44 3 5
github.com/vchavkov/hr/services/api/internal/tax/calculator.go:35.44,37.3 1 1
github.com/vchavkov/hr/services/api/internal/tax/calculator.go:38.2,38.44 1 5
github.com/vchavkov/hr/services/api/internal/tax/calculator.go:38.44,40.3 1 1
github.com/vchavkov/hr/services/api/internal/tax/calculator.go:42.2,95.3 18 5
github.com/vchavkov/hr/services/api/internal/worker/odoo_sync.go:32.62,34.2 1 0
github.com/vchavkov/hr/services/api/internal/worker/odoo_sync.go:37.81,39.62 2 0
github.com/vchavkov/hr/services/api/internal/worker/odoo_sync.go:39.62,41.3 1 0
github.com/vchavkov/hr/services/api/internal/worker/odoo_sync.go:43.2,52.23 3 0
github.com/vchavkov/hr/services/api/internal/worker/odoo_sync.go:53.21,54.39 1 0
github.com/vchavkov/hr/services/api/internal/worker/odoo_sync.go:55.21,56.39 1 0
github.com/vchavkov/hr/services/api/internal/worker/odoo_sync.go:57.18,58.43 1 0
github.com/vchavkov/hr/services/api/internal/worker/odoo_sync.go:59.23,60.35 1 0
github.com/vchavkov/hr/services/api/internal/worker/odoo_sync.go:61.20,62.33 1 0
github.com/vchavkov/hr/services/api/internal/worker/odoo_sync.go:63.22,64.35 1 0
github.com/vchavkov/hr/services/api/internal/worker/odoo_sync.go:65.28,66.40 1 0
github.com/vchavkov/hr/services/api/internal/worker/odoo_sync.go:67.10,69.13 2 0
github.com/vchavkov/hr/services/api/internal/worker/odoo_sync.go:73.93,78.20 2 0
github.com/vchavkov/hr/services/api/internal/worker/odoo_sync.go:78.20,80.3 1 0
github.com/vchavkov/hr/services/api/internal/worker/odoo_sync.go:81.2,81.105 1 0
github.com/vchavkov/hr/services/api/internal/worker/odoo_sync.go:81.105,83.3 1 0
github.com/vchavkov/hr/services/api/internal/worker/odoo_sync.go:84.2,84.33 1 0
github.com/vchavkov/hr/services/api/internal/worker/odoo_sync.go:84.33,86.57 2 0
github.com/vchavkov/hr/services/api/internal/worker/odoo_sync.go:86.57,88.4 1 0
github.com/vchavkov/hr/services/api/internal/worker/odoo_sync.go:90.2,90.12 1 0
github.com/vchavkov/hr/services/api/internal/worker/odoo_sync.go:93.93,98.20 2 0
github.com/vchavkov/hr/services/api/internal/worker/odoo_sync.go:98.20,100.3 1 0
github.com/vchavkov/hr/services/api/internal/worker/odoo_sync.go:101.2,101.105 1 0
github.com/vchavkov/hr/services/api/internal/worker/odoo_sync.go:101.105,103.3 1 0
github.com/vchavkov/hr/services/api/internal/worker/odoo_sync.go:104.2,104.33 1 0
github.com/vchavkov/hr/services/api/internal/worker/odoo_sync.go:104.33,106.57 2 0
github.com/vchavkov/hr/services/api/internal/worker/odoo_sync.go:106.57,108.4 1 0
github.com/vchavkov/hr/services/api/internal/worker/odoo_sync.go:110.2,110.12 1 0
github.com/vchavkov/hr/services/api/internal/worker/odoo_sync.go:113.97,118.20 2 0
github.com/vchavkov/hr/services/api/internal/worker/odoo_sync.go:118.20,120.3 1 0
github.com/vchavkov/hr/services/api/internal/worker/odoo_sync.go:121.2,121.69 1 0
github.com/vchavkov/hr/services/api/internal/worker/odoo_sync.go:121.69,122.57 1 0
github.com/vchavkov/hr/services/api/internal/worker/odoo_sync.go:122.57,124.4 1 0
github.com/vchavkov/hr/services/api/internal/worker/odoo_sync.go:126.2,126.12 1 0
github.com/vchavkov/hr/services/api/internal/worker/odoo_sync.go:129.73,135.2 2 0
github.com/vchavkov/hr/services/api/internal/worker/odoo_sync.go:137.71,143.2 2 0
github.com/vchavkov/hr/services/api/internal/worker/odoo_sync.go:145.73,151.2 2 0
github.com/vchavkov/hr/services/api/internal/worker/odoo_sync.go:153.78,159.2 2 0
github.com/vchavkov/hr/services/api/internal/worker/odoo_sync.go:161.64,162.23 1 2
github.com/vchavkov/hr/services/api/internal/worker/odoo_sync.go:162.23,164.3 1 1
github.com/vchavkov/hr/services/api/internal/worker/odoo_sync.go:165.2,165.44 1 1
github.com/vchavkov/hr/services/api/internal/worker/odoo_sync.go:168.76,169.23 1 2
github.com/vchavkov/hr/services/api/internal/worker/odoo_sync.go:169.23,171.3 1 1
github.com/vchavkov/hr/services/api/internal/worker/odoo_sync.go:172.2,172.73 1 1
github.com/vchavkov/hr/services/api/internal/worker/odoo_sync.go:175.64,176.23 1 0
github.com/vchavkov/hr/services/api/internal/worker/odoo_sync.go:176.23,178.3 1 0
github.com/vchavkov/hr/services/api/internal/worker/odoo_sync.go:179.2,179.44 1 0
github.com/vchavkov/hr/services/api/internal/worker/odoo_sync.go:182.76,183.23 1 0
github.com/vchavkov/hr/services/api/internal/worker/odoo_sync.go:183.23,185.3 1 0
github.com/vchavkov/hr/services/api/internal/worker/odoo_sync.go:186.2,186.73 1 0
github.com/vchavkov/hr/services/api/internal/worker/odoo_sync.go:189.60,190.23 1 2
github.com/vchavkov/hr/services/api/internal/worker/odoo_sync.go:190.23,196.3 2 1
github.com/vchavkov/hr/services/api/internal/worker/odoo_sync.go:197.2,197.41 1 1
github.com/vchavkov/hr/services/api/internal/worker/odoo_sync.go:202.102,210.16 3 0
github.com/vchavkov/hr/services/api/internal/worker/odoo_sync.go:210.16,212.3 1 0
github.com/vchavkov/hr/services/api/internal/worker/odoo_sync.go:213.2,213.51 1 0
github.com/vchavkov/hr/services/api/internal/worker/payroll.go:22.65,24.2 1 0
github.com/vchavkov/hr/services/api/internal/worker/payroll.go:33.91,35.62 2 0
github.com/vchavkov/hr/services/api/internal/worker/payroll.go:35.62,37.3 1 0
github.com/vchavkov/hr/services/api/internal/worker/payroll.go:38.2,45.16 6 0
github.com/vchavkov/hr/services/api/internal/worker/payroll.go:45.16,48.3 2 0
github.com/vchavkov/hr/services/api/internal/worker/payroll.go:50.2,56.16 2 0
github.com/vchavkov/hr/services/api/internal/worker/payroll.go:56.16,59.3 2 0
github.com/vchavkov/hr/services/api/internal/worker/payroll.go:61.2,61.25 1 0
github.com/vchavkov/hr/services/api/internal/worker/payroll.go:61.25,64.3 2 0
github.com/vchavkov/hr/services/api/internal/worker/payroll.go:66.2,66.32 1 0
github.com/vchavkov/hr/services/api/internal/worker/payroll.go:66.32,68.23 2 0
github.com/vchavkov/hr/services/api/internal/worker/payroll.go:68.23,70.4 1 0
github.com/vchavkov/hr/services/api/internal/worker/payroll.go:72.3,72.25 1 0
github.com/vchavkov/hr/services/api/internal/worker/payroll.go:72.25,75.4 2 0
github.com/vchavkov/hr/services/api/internal/worker/payroll.go:77.3,93.17 4 0
github.com/vchavkov/hr/services/api/internal/worker/payroll.go:93.17,96.4 2 0
github.com/vchavkov/hr/services/api/internal/worker/payroll.go:99.2,99.76 1 0
github.com/vchavkov/hr/services/api/internal/worker/payroll.go:99.76,102.3 2 0
github.com/vchavkov/hr/services/api/internal/worker/payroll.go:104.2,106.12 3 0
github.com/vchavkov/hr/services/api/internal/worker/payroll.go:109.119,116.2 3 0
github.com/vchavkov/hr/services/api/internal/worker/payroll.go:118.129,120.18 2 0
github.com/vchavkov/hr/services/api/internal/worker/payroll.go:120.18,122.3 1 0
github.com/vchavkov/hr/services/api/internal/worker/payroll.go:123.2,130.4 1 0
github.com/vchavkov/hr/services/api/internal/worker/payroll.go:134.38,138.2 3 0
github.com/vchavkov/hr/services/api/internal/worker/payroll.go:140.36,141.14 1 0
github.com/vchavkov/hr/services/api/internal/worker/payroll.go:141.14,143.3 1 0
github.com/vchavkov/hr/services/api/internal/worker/payroll.go:144.2,146.45 2 0
github.com/vchavkov/hr/services/api/internal/worker/webhook.go:23.56,29.2 1 0
github.com/vchavkov/hr/services/api/internal/worker/webhook.go:32.87,34.62 2 0
github.com/vchavkov/hr/services/api/internal/worker/webhook.go:34.62,36.3 1 0
github.com/vchavkov/hr/services/api/internal/worker/webhook.go:38.2,39.16 2 0
github.com/vchavkov/hr/services/api/internal/worker/webhook.go:39.16,41.3 1 0
github.com/vchavkov/hr/services/api/internal/worker/webhook.go:43.2,52.16 7 0
github.com/vchavkov/hr/services/api/internal/worker/webhook.go:52.16,54.3 1 0
github.com/vchavkov/hr/services/api/internal/worker/webhook.go:55.2,57.53 2 0
github.com/vchavkov/hr/services/api/internal/worker/webhook.go:57.53,59.3 1 0
github.com/vchavkov/hr/services/api/internal/worker/webhook.go:61.2,61.74 1 0
github.com/vchavkov/hr/services/api/internal/worker/webhook.go:65.51,67.2 1 0
github.com/vchavkov/hr/services/api/internal/middleware/auth.go:25.79,27.2 1 0
github.com/vchavkov/hr/services/api/internal/middleware/auth.go:38.54,40.58 2 3
github.com/vchavkov/hr/services/api/internal/middleware/auth.go:40.58,42.3 1 1
github.com/vchavkov/hr/services/api/internal/middleware/auth.go:43.2,43.59 1 3
github.com/vchavkov/hr/services/api/internal/middleware/auth.go:43.59,45.3 1 2
github.com/vchavkov/hr/services/api/internal/middleware/auth.go:46.2,46.57 1 3
github.com/vchavkov/hr/services/api/internal/middleware/auth.go:46.57,48.3 1 1
github.com/vchavkov/hr/services/api/internal/middleware/auth.go:49.2,49.66 1 3
github.com/vchavkov/hr/services/api/internal/middleware/auth.go:49.66,51.3 1 1
github.com/vchavkov/hr/services/api/internal/middleware/auth.go:52.2,52.22 1 3
github.com/vchavkov/hr/services/api/internal/middleware/auth.go:52.22,54.3 1 2
github.com/vchavkov/hr/services/api/internal/middleware/auth.go:55.2,55.11 1 1
github.com/vchavkov/hr/services/api/internal/middleware/auth.go:59.106,60.46 1 4
github.com/vchavkov/hr/services/api/internal/middleware/auth.go:60.46,61.72 1 4
github.com/vchavkov/hr/services/api/internal/middleware/auth.go:61.72,63.20 2 4
github.com/vchavkov/hr/services/api/internal/middleware/auth.go:63.20,65.19 2 0
github.com/vchavkov/hr/services/api/internal/middleware/auth.go:65.19,68.6 2 0
github.com/vchavkov/hr/services/api/internal/middleware/auth.go:69.5,77.11 9 0
github.com/vchavkov/hr/services/api/internal/middleware/auth.go:80.4,80.92 1 4
github.com/vchavkov/hr/services/api/internal/middleware/auth.go:80.92,82.35 2 4
github.com/vchavkov/hr/services/api/internal/middleware/auth.go:82.35,85.6 2 3
github.com/vchavkov/hr/services/api/internal/middleware/auth.go:87.5,96.54 8 1
github.com/vchavkov/hr/services/api/internal/middleware/auth.go:96.54,99.6 2 0
github.com/vchavkov/hr/services/api/internal/middleware/auth.go:101.5,102.77 2 1
github.com/vchavkov/hr/services/api/internal/middleware/auth.go:102.77,104.6 1 0
github.com/vchavkov/hr/services/api/internal/middleware/auth.go:105.5,108.42 3 1
github.com/vchavkov/hr/services/api/internal/middleware/auth.go:115.54,116.46 1 4
github.com/vchavkov/hr/services/api/internal/middleware/auth.go:116.46,117.72 1 4
github.com/vchavkov/hr/services/api/internal/middleware/auth.go:117.72,119.69 2 4
github.com/vchavkov/hr/services/api/internal/middleware/auth.go:119.69,124.5 4 3
github.com/vchavkov/hr/services/api/internal/middleware/auth.go:125.4,125.24 1 1
github.com/vchavkov/hr/services/api/internal/middleware/auth.go:131.54,134.2 2 2
github.com/vchavkov/hr/services/api/internal/middleware/auth.go:136.43,137.14 1 2
github.com/vchavkov/hr/services/api/internal/middleware/auth.go:137.14,139.3 1 1
github.com/vchavkov/hr/services/api/internal/middleware/auth.go:140.2,141.81 2 1
github.com/vchavkov/hr/services/api/internal/middleware/logging.go:17.49,20.2 2 0
github.com/vchavkov/hr/services/api/internal/middleware/logging.go:23.68,24.46 1 0
github.com/vchavkov/hr/services/api/internal/middleware/logging.go:24.46,25.72 1 0
github.com/vchavkov/hr/services/api/internal/middleware/logging.go:25.72,39.4 5 0
github.com/vchavkov/hr/services/api/internal/middleware/logging.go:44.54,46.2 1 0
github.com/vchavkov/hr/services/api/internal/middleware/metrics.go:31.13,33.2 1 1
github.com/vchavkov/hr/services/api/internal/middleware/metrics.go:36.48,37.46 1 0
github.com/vchavkov/hr/services/api/internal/middleware/metrics.go:37.46,38.72 1 0
github.com/vchavkov/hr/services/api/internal/middleware/metrics.go:38.72,49.4 7 0
github.com/vchavkov/hr/services/api/internal/middleware/metrics.go:54.36,56.2 1 0
github.com/vchavkov/hr/services/api/internal/middleware/ratelimit.go:12.56,14.2 1 1
github.com/vchavkov/hr/services/api/internal/middleware/ratelimit.go:19.63,23.63 1 1
github.com/vchavkov/hr/services/api/internal/middleware/ratelimit.go:23.63,24.54 1 0
github.com/vchavkov/hr/services/api/internal/middleware/ratelimit.go:24.54,26.5 1 0
github.com/vchavkov/hr/services/api/internal/middleware/ratelimit.go:28.4,28.36 1 0
github.com/vchavkov/hr/services/api/internal/middleware/subscription.go:12.101,13.14 1 8
github.com/vchavkov/hr/services/api/internal/middleware/subscription.go:13.14,14.47 1 1
github.com/vchavkov/hr/services/api/internal/middleware/subscription.go:14.47,14.62 1 1
github.com/vchavkov/hr/services/api/internal/middleware/subscription.go:16.2,16.46 1 7
github.com/vchavkov/hr/services/api/internal/middleware/subscription.go:16.46,17.72 1 7
github.com/vchavkov/hr/services/api/internal/middleware/subscription.go:17.72,18.20 1 9
github.com/vchavkov/hr/services/api/internal/middleware/subscription.go:19.61,21.11 2 3
github.com/vchavkov/hr/services/api/internal/middleware/subscription.go:24.4,25.27 2 6
github.com/vchavkov/hr/services/api/internal/middleware/subscription.go:25.27,28.5 2 1
github.com/vchavkov/hr/services/api/internal/middleware/subscription.go:30.4,31.18 2 5
github.com/vchavkov/hr/services/api/internal/middleware/subscription.go:31.18,36.5 4 0
github.com/vchavkov/hr/services/api/internal/middleware/subscription.go:38.4,38.44 1 5
github.com/vchavkov/hr/services/api/internal/middleware/subscription.go:38.44,48.5 4 3
github.com/vchavkov/hr/services/api/internal/middleware/subscription.go:50.4,50.24 1 2
github.com/vchavkov/hr/services/api/internal/middleware/tracing.go:10.64,11.46 1 0
github.com/vchavkov/hr/services/api/internal/middleware/tracing.go:11.46,13.3 1 0
github.com/vchavkov/hr/services/api/internal/service/appraisal.go:31.90,33.2 1 0
github.com/vchavkov/hr/services/api/internal/service/appraisal.go:36.146,37.41 1 0
github.com/vchavkov/hr/services/api/internal/service/appraisal.go:37.41,39.3 1 0
github.com/vchavkov/hr/services/api/internal/service/appraisal.go:41.2,42.20 2 0
github.com/vchavkov/hr/services/api/internal/service/appraisal.go:42.20,44.3 1 0
github.com/vchavkov/hr/services/api/internal/service/appraisal.go:45.2,45.17 1 0
github.com/vchavkov/hr/services/api/internal/service/appraisal.go:45.17,47.3 1 0
github.com/vchavkov/hr/services/api/internal/service/appraisal.go:49.2,50.16 2 0
github.com/vchavkov/hr/services/api/internal/service/appraisal.go:50.16,52.3 1 0
github.com/vchavkov/hr/services/api/internal/service/appraisal.go:53.2,53.31 1 0
github.com/vchavkov/hr/services/api/internal/service/appraisal.go:57.97,58.41 1 0
github.com/vchavkov/hr/services/api/internal/service/appraisal.go:58.41,60.3 1 0
github.com/vchavkov/hr/services/api/internal/service/appraisal.go:62.2,63.16 2 0
github.com/vchavkov/hr/services/api/internal/service/appraisal.go:63.16,65.3 1 0
github.com/vchavkov/hr/services/api/internal/service/appraisal.go:66.2,66.23 1 0
github.com/vchavkov/hr/services/api/internal/service/appraisal.go:70.113,71.41 1 0
github.com/vchavkov/hr/services/api/internal/service/appraisal.go:71.41,73.3 1 0
github.com/vchavkov/hr/services/api/internal/service/appraisal.go:75.2,76.16 2 0
github.com/vchavkov/hr/services/api/internal/service/appraisal.go:76.16,78.3 1 0
github.com/vchavkov/hr/services/api/internal/service/appraisal.go:79.2,79.16 1 0
github.com/vchavkov/hr/services/api/internal/service/appraisal.go:83.102,84.41 1 0
github.com/vchavkov/hr/services/api/internal/service/appraisal.go:84.41,86.3 1 0
github.com/vchavkov/hr/services/api/internal/service/appraisal.go:88.2,88.62 1 0
github.com/vchavkov/hr/services/api/internal/service/appraisal.go:88.62,90.3 1 0
github.com/vchavkov/hr/services/api/internal/service/appraisal.go:91.2,91.12 1 0
github.com/vchavkov/hr/services/api/internal/service/appraisal.go:95.82,96.41 1 0
github.com/vchavkov/hr/services/api/internal/service/appraisal.go:96.41,98.3 1 0
github.com/vchavkov/hr/services/api/internal/service/appraisal.go:100.2,100.57 1 0
github.com/vchavkov/hr/services/api/internal/service/appraisal.go:100.57,102.3 1 0
github.com/vchavkov/hr/services/api/internal/service/appraisal.go:103.2,103.12 1 0
github.com/vchavkov/hr/services/api/internal/service/appraisal.go:107.83,108.41 1 0
github.com/vchavkov/hr/services/api/internal/service/appraisal.go:108.41,110.3 1 0
github.com/vchavkov/hr/services/api/internal/service/appraisal.go:112.2,112.58 1 0
github.com/vchavkov/hr/services/api/internal/service/appraisal.go:112.58,114.3 1 0
github.com/vchavkov/hr/services/api/internal/service/appraisal.go:115.2,115.12 1 0
github.com/vchavkov/hr/services/api/internal/service/appraisal.go:119.80,120.41 1 0
github.com/vchavkov/hr/services/api/internal/service/appraisal.go:120.41,122.3 1 0
github.com/vchavkov/hr/services/api/internal/service/appraisal.go:124.2,124.55 1 0
github.com/vchavkov/hr/services/api/internal/service/appraisal.go:124.55,126.3 1 0
github.com/vchavkov/hr/services/api/internal/service/appraisal.go:127.2,127.12 1 0
github.com/vchavkov/hr/services/api/internal/service/appraisal.go:131.121,132.41 1 0
github.com/vchavkov/hr/services/api/internal/service/appraisal.go:132.41,134.3 1 0
github.com/vchavkov/hr/services/api/internal/service/appraisal.go:136.2,137.16 2 0
github.com/vchavkov/hr/services/api/internal/service/appraisal.go:137.16,139.3 1 0
github.com/vchavkov/hr/services/api/internal/service/appraisal.go:140.2,140.30 1 0
github.com/vchavkov/hr/services/api/internal/service/attendance.go:25.93,27.2 1 0
github.com/vchavkov/hr/services/api/internal/service/attendance.go:30.130,32.20 2 0
github.com/vchavkov/hr/services/api/internal/service/attendance.go:32.20,34.3 1 0
github.com/vchavkov/hr/services/api/internal/service/attendance.go:36.2,37.16 2 0
github.com/vchavkov/hr/services/api/internal/service/attendance.go:37.16,39.3 1 0
github.com/vchavkov/hr/services/api/internal/service/attendance.go:40.2,40.28 1 0
github.com/vchavkov/hr/services/api/internal/service/attendance.go:44.91,46.16 2 0
github.com/vchavkov/hr/services/api/internal/service/attendance.go:46.16,48.3 1 0
github.com/vchavkov/hr/services/api/internal/service/attendance.go:49.2,49.16 1 0
github.com/vchavkov/hr/services/api/internal/service/attendance.go:53.85,54.59 1 0
github.com/vchavkov/hr/services/api/internal/service/attendance.go:54.59,56.3 1 0
github.com/vchavkov/hr/services/api/internal/service/attendance.go:57.2,57.12 1 0
github.com/vchavkov/hr/services/api/internal/service/auth.go:49.116,55.2 1 0
github.com/vchavkov/hr/services/api/internal/service/auth.go:58.176,60.16 2 0
github.com/vchavkov/hr/services/api/internal/service/auth.go:60.16,62.3 1 0
github.com/vchavkov/hr/services/api/internal/service/auth.go:64.2,64.18 1 0
github.com/vchavkov/hr/services/api/internal/service/auth.go:64.18,66.3 1 0
github.com/vchavkov/hr/services/api/internal/service/auth.go:68.2,68.72 1 0
github.com/vchavkov/hr/services/api/internal/service/auth.go:68.72,70.3 1 0
github.com/vchavkov/hr/services/api/internal/service/auth.go:72.2,73.16 2 0
github.com/vchavkov/hr/services/api/internal/service/auth.go:73.16,75.3 1 0
github.com/vchavkov/hr/services/api/internal/service/auth.go:77.2,77.71 1 0
github.com/vchavkov/hr/services/api/internal/service/auth.go:80.142,83.24 2 0
github.com/vchavkov/hr/services/api/internal/service/auth.go:83.24,85.17 2 0
github.com/vchavkov/hr/services/api/internal/service/auth.go:85.17,86.37 1 0
github.com/vchavkov/hr/services/api/internal/service/auth.go:86.37,88.5 1 0
github.com/vchavkov/hr/services/api/internal/service/auth.go:89.4,89.37 1 0
github.com/vchavkov/hr/services/api/internal/service/auth.go:91.3,91.14 1 0
github.com/vchavkov/hr/services/api/internal/service/auth.go:91.14,93.4 1 0
github.com/vchavkov/hr/services/api/internal/service/auth.go:94.3,98.17 2 0
github.com/vchavkov/hr/services/api/internal/service/auth.go:98.17,99.37 1 0
github.com/vchavkov/hr/services/api/internal/service/auth.go:99.37,101.5 1 0
github.com/vchavkov/hr/services/api/internal/service/auth.go:102.4,102.37 1 0
github.com/vchavkov/hr/services/api/internal/service/auth.go:104.3,104.35 1 0
github.com/vchavkov/hr/services/api/internal/service/auth.go:107.2,108.40 2 0
github.com/vchavkov/hr/services/api/internal/service/auth.go:108.40,111.17 3 0
github.com/vchavkov/hr/services/api/internal/service/auth.go:111.17,113.4 1 0
github.com/vchavkov/hr/services/api/internal/service/auth.go:114.3,114.14 1 0
github.com/vchavkov/hr/services/api/internal/service/auth.go:114.14,116.4 1 0
github.com/vchavkov/hr/services/api/internal/service/auth.go:117.3,117.27 1 0
github.com/vchavkov/hr/services/api/internal/service/auth.go:120.2,120.13 1 0
github.com/vchavkov/hr/services/api/internal/service/auth.go:120.13,122.17 2 0
github.com/vchavkov/hr/services/api/internal/service/auth.go:122.17,123.37 1 0
github.com/vchavkov/hr/services/api/internal/service/auth.go:123.37,125.5 1 0
github.com/vchavkov/hr/services/api/internal/service/auth.go:126.4,126.37 1 0
github.com/vchavkov/hr/services/api/internal/service/auth.go:128.3,128.33 1 0
github.com/vchavkov/hr/services/api/internal/service/auth.go:131.2,131.49 1 0
github.com/vchavkov/hr/services/api/internal/service/auth.go:134.203,138.16 4 0
github.com/vchavkov/hr/services/api/internal/service/auth.go:138.16,140.3 1 0
github.com/vchavkov/hr/services/api/internal/service/auth.go:142.2,143.16 2 0
github.com/vchavkov/hr/services/api/internal/service/auth.go:143.16,145.3 1 0
github.com/vchavkov/hr/services/api/internal/service/auth.go:147.2,153.16 2 0
github.com/vchavkov/hr/services/api/internal/service/auth.go:153.16,155.3 1 0
github.com/vchavkov/hr/services/api/internal/service/auth.go:157.2,157.16 1 0
github.com/vchavkov/hr/services/api/internal/service/auth.go:157.16,167.3 2 0
github.com/vchavkov/hr/services/api/internal/service/auth.go:169.2,169.44 1 0
github.com/vchavkov/hr/services/api/internal/service/auth.go:173.135,177.16 3 0
github.com/vchavkov/hr/services/api/internal/service/auth.go:177.16,179.3 1 0
github.com/vchavkov/hr/services/api/internal/service/auth.go:181.2,181.72 1 0
github.com/vchavkov/hr/services/api/internal/service/auth.go:181.72,184.3 2 0
github.com/vchavkov/hr/services/api/internal/service/auth.go:186.2,189.16 3 0
github.com/vchavkov/hr/services/api/internal/service/auth.go:189.16,191.3 1 0
github.com/vchavkov/hr/services/api/internal/service/auth.go:193.2,193.18 1 0
github.com/vchavkov/hr/services/api/internal/service/auth.go:193.18,195.3 1 0
github.com/vchavkov/hr/services/api/internal/service/auth.go:197.2,199.33 3 0
github.com/vchavkov/hr/services/api/internal/service/auth.go:199.33,201.17 2 0
github.com/vchavkov/hr/services/api/internal/service/auth.go:201.17,203.4 1 0
github.com/vchavkov/hr/services/api/internal/service/auth.go:204.3,204.33 1 0
github.com/vchavkov/hr/services/api/internal/service/auth.go:204.33,206.4 1 0
github.com/vchavkov/hr/services/api/internal/service/auth.go:206.9,211.18 2 0
github.com/vchavkov/hr/services/api/internal/service/auth.go:211.18,213.5 1 0
github.com/vchavkov/hr/services/api/internal/service/auth.go:214.4,214.20 1 0
github.com/vchavkov/hr/services/api/internal/service/auth.go:216.8,218.17 2 0
github.com/vchavkov/hr/services/api/internal/service/auth.go:218.17,220.4 1 0
github.com/vchavkov/hr/services/api/internal/service/auth.go:223.2,224.46 2 0
github.com/vchavkov/hr/services/api/internal/service/auth.go:228.195,229.27 1 0
github.com/vchavkov/hr/services/api/internal/service/auth.go:229.27,231.3 1 0
github.com/vchavkov/hr/services/api/internal/service/auth.go:232.2,232.69 1 0
github.com/vchavkov/hr/services/api/internal/service/auth.go:232.69,234.3 1 0
github.com/vchavkov/hr/services/api/internal/service/auth.go:234.8,234.57 1 0
github.com/vchavkov/hr/services/api/internal/service/auth.go:234.57,236.3 1 0
github.com/vchavkov/hr/services/api/internal/service/auth.go:238.2,239.16 2 0
github.com/vchavkov/hr/services/api/internal/service/auth.go:239.16,241.3 1 0
github.com/vchavkov/hr/services/api/internal/service/auth.go:243.2,243.77 1 0
github.com/vchavkov/hr/services/api/internal/service/auth.go:243.77,245.3 1 0
github.com/vchavkov/hr/services/api/internal/service/auth.go:247.2,248.16 2 0
github.com/vchavkov/hr/services/api/internal/service/auth.go:248.16,250.3 1 0
github.com/vchavkov/hr/services/api/internal/service/auth.go:252.2,257.16 2 0
github.com/vchavkov/hr/services/api/internal/service/auth.go:257.16,259.3 1 0
github.com/vchavkov/hr/services/api/internal/service/auth.go:261.2,262.16 2 0
github.com/vchavkov/hr/services/api/internal/service/auth.go:262.16,264.3 1 0
github.com/vchavkov/hr/services/api/internal/service/auth.go:266.2,272.16 2 0
github.com/vchavkov/hr/services/api/internal/service/auth.go:272.16,274.3 1 0
github.com/vchavkov/hr/services/api/internal/service/auth.go:276.2,280.17 1 0
github.com/vchavkov/hr/services/api/internal/service/auth.go:280.17,282.3 1 0
github.com/vchavkov/hr/services/api/internal/service/auth.go:284.2,284.71 1 0
github.com/vchavkov/hr/services/api/internal/service/auth.go:287.89,289.16 2 0
github.com/vchavkov/hr/services/api/internal/service/auth.go:289.16,291.3 1 0
github.com/vchavkov/hr/services/api/internal/service/auth.go:292.2,292.26 1 0
github.com/vchavkov/hr/services/api/internal/service/auth.go:292.26,294.12 2 0
github.com/vchavkov/hr/services/api/internal/service/auth.go:294.12,296.4 1 0
github.com/vchavkov/hr/services/api/internal/service/auth.go:297.3,298.17 2 0
github.com/vchavkov/hr/services/api/internal/service/auth.go:298.17,299.37 1 0
github.com/vchavkov/hr/services/api/internal/service/auth.go:299.37,301.5 1 0
github.com/vchavkov/hr/services/api/internal/service/auth.go:302.4,302.18 1 0
github.com/vchavkov/hr/services/api/internal/service/auth.go:306.2,306.57 1 0
github.com/vchavkov/hr/services/api/internal/service/auth.go:309.31,312.58 3 0
github.com/vchavkov/hr/services/api/internal/service/auth.go:312.58,313.10 1 0
github.com/vchavkov/hr/services/api/internal/service/auth.go:314.50,316.20 2 0
github.com/vchavkov/hr/services/api/internal/service/auth.go:317.41,318.32 1 0
github.com/vchavkov/hr/services/api/internal/service/auth.go:318.32,321.5 2 0
github.com/vchavkov/hr/services/api/internal/service/auth.go:324.2,325.34 2 0
github.com/vchavkov/hr/services/api/internal/service/auth.go:325.34,327.3 1 0
github.com/vchavkov/hr/services/api/internal/service/auth.go:328.2,328.12 1 0
github.com/vchavkov/hr/services/api/internal/service/auth.go:331.35,333.40 2 0
github.com/vchavkov/hr/services/api/internal/service/auth.go:333.40,335.3 1 0
github.com/vchavkov/hr/services/api/internal/service/auth.go:336.2,336.30 1 0
github.com/vchavkov/hr/services/api/internal/service/auth.go:340.167,342.16 2 0
github.com/vchavkov/hr/services/api/internal/service/auth.go:342.16,344.3 1 0
github.com/vchavkov/hr/services/api/internal/service/auth.go:346.2,355.16 2 0
github.com/vchavkov/hr/services/api/internal/service/auth.go:355.16,357.3 1 0
github.com/vchavkov/hr/services/api/internal/service/auth.go:359.2,382.24 3 0
github.com/vchavkov/hr/services/api/internal/service/auth.go:386.108,389.16 3 0
github.com/vchavkov/hr/services/api/internal/service/auth.go:389.16,391.3 1 0
github.com/vchavkov/hr/services/api/internal/service/auth.go:393.2,393.20 1 0
github.com/vchavkov/hr/services/api/internal/service/auth.go:393.20,395.3 1 0
github.com/vchavkov/hr/services/api/internal/service/auth.go:397.2,397.72 1 0
github.com/vchavkov/hr/services/api/internal/service/auth.go:397.72,399.3 1 0
github.com/vchavkov/hr/services/api/internal/service/auth.go:401.2,404.16 3 0
github.com/vchavkov/hr/services/api/internal/service/auth.go:404.16,406.3 1 0
github.com/vchavkov/hr/services/api/internal/service/auth.go:408.2,409.16 2 0
github.com/vchavkov/hr/services/api/internal/service/auth.go:409.16,411.3 1 0
github.com/vchavkov/hr/services/api/internal/service/auth.go:413.2,413.32 1 0
github.com/vchavkov/hr/services/api/internal/service/auth.go:413.32,420.3 1 0
github.com/vchavkov/hr/services/api/internal/service/auth.go:422.2,426.16 2 0
github.com/vchavkov/hr/services/api/internal/service/auth.go:426.16,428.3 1 0
github.com/vchavkov/hr/services/api/internal/service/auth.go:430.2,435.8 1 0
github.com/vchavkov/hr/services/api/internal/service/auth.go:438.37,441.2 2 0
github.com/vchavkov/hr/services/api/internal/service/auth.go:443.41,444.14 1 0
github.com/vchavkov/hr/services/api/internal/service/auth.go:444.14,446.3 1 0
github.com/vchavkov/hr/services/api/internal/service/auth.go:447.2,448.81 2 0
github.com/vchavkov/hr/services/api/internal/service/contract.go:37.108,39.2 1 0
github.com/vchavkov/hr/services/api/internal/service/contract.go:48.120,53.55 4 0
github.com/vchavkov/hr/services/api/internal/service/contract.go:53.55,55.3 1 0
github.com/vchavkov/hr/services/api/internal/service/contract.go:57.2,58.43 2 0
github.com/vchavkov/hr/services/api/internal/service/contract.go:58.43,60.3 1 0
github.com/vchavkov/hr/services/api/internal/service/contract.go:61.2,61.20 1 0
github.com/vchavkov/hr/services/api/internal/service/contract.go:61.20,63.3 1 0
github.com/vchavkov/hr/services/api/internal/service/contract.go:65.2,66.16 2 0
github.com/vchavkov/hr/services/api/internal/service/contract.go:66.16,68.70 2 0
github.com/vchavkov/hr/services/api/internal/service/contract.go:68.70,70.4 1 0
github.com/vchavkov/hr/services/api/internal/service/contract.go:71.3,71.39 1 0
github.com/vchavkov/hr/services/api/internal/service/contract.go:74.2,75.30 2 0
github.com/vchavkov/hr/services/api/internal/service/contract.go:79.86,83.55 3 0
github.com/vchavkov/hr/services/api/internal/service/contract.go:83.55,85.3 1 0
github.com/vchavkov/hr/services/api/internal/service/contract.go:87.2,88.16 2 0
github.com/vchavkov/hr/services/api/internal/service/contract.go:88.16,90.70 2 0
github.com/vchavkov/hr/services/api/internal/service/contract.go:90.70,92.4 1 0
github.com/vchavkov/hr/services/api/internal/service/contract.go:93.3,93.36 1 0
github.com/vchavkov/hr/services/api/internal/service/contract.go:96.2,97.22 2 0
github.com/vchavkov/hr/services/api/internal/service/contract.go:101.102,108.23 2 0
github.com/vchavkov/hr/services/api/internal/service/contract.go:108.23,110.3 1 0
github.com/vchavkov/hr/services/api/internal/service/contract.go:111.2,111.27 1 0
github.com/vchavkov/hr/services/api/internal/service/contract.go:111.27,113.3 1 0
github.com/vchavkov/hr/services/api/internal/service/contract.go:114.2,114.26 1 0
github.com/vchavkov/hr/services/api/internal/service/contract.go:114.26,116.3 1 0
github.com/vchavkov/hr/services/api/internal/service/contract.go:118.2,119.16 2 0
github.com/vchavkov/hr/services/api/internal/service/contract.go:119.16,121.3 1 0
github.com/vchavkov/hr/services/api/internal/service/contract.go:123.2,125.22 2 0
github.com/vchavkov/hr/services/api/internal/service/contract.go:125.22,136.3 3 0
github.com/vchavkov/hr/services/api/internal/service/contract.go:138.2,138.16 1 0
github.com/vchavkov/hr/services/api/internal/service/contract.go:142.92,143.61 1 0
github.com/vchavkov/hr/services/api/internal/service/contract.go:143.61,145.3 1 0
github.com/vchavkov/hr/services/api/internal/service/contract.go:147.2,150.22 3 0
github.com/vchavkov/hr/services/api/internal/service/contract.go:150.22,161.3 3 0
github.com/vchavkov/hr/services/api/internal/service/contract.go:163.2,163.12 1 0
github.com/vchavkov/hr/services/api/internal/service/contract.go:166.92,171.2 4 0
github.com/vchavkov/hr/services/api/internal/service/course.go:40.81,42.2 1 0
github.com/vchavkov/hr/services/api/internal/service/course.go:45.123,46.41 1 0
github.com/vchavkov/hr/services/api/internal/service/course.go:46.41,48.3 1 0
github.com/vchavkov/hr/services/api/internal/service/course.go:50.2,51.20 2 0
github.com/vchavkov/hr/services/api/internal/service/course.go:51.20,53.3 1 0
github.com/vchavkov/hr/services/api/internal/service/course.go:55.2,56.16 2 0
github.com/vchavkov/hr/services/api/internal/service/course.go:56.16,58.3 1 0
github.com/vchavkov/hr/services/api/internal/service/course.go:59.2,59.28 1 0
github.com/vchavkov/hr/services/api/internal/service/course.go:63.88,64.41 1 0
github.com/vchavkov/hr/services/api/internal/service/course.go:64.41,66.3 1 0
github.com/vchavkov/hr/services/api/internal/service/course.go:68.2,69.16 2 0
github.com/vchavkov/hr/services/api/internal/service/course.go:69.16,71.3 1 0
github.com/vchavkov/hr/services/api/internal/service/course.go:72.2,72.20 1 0
github.com/vchavkov/hr/services/api/internal/service/course.go:76.104,77.41 1 0
github.com/vchavkov/hr/services/api/internal/service/course.go:77.41,79.3 1 0
github.com/vchavkov/hr/services/api/internal/service/course.go:81.2,82.16 2 0
github.com/vchavkov/hr/services/api/internal/service/course.go:82.16,84.3 1 0
github.com/vchavkov/hr/services/api/internal/service/course.go:85.2,85.16 1 0
github.com/vchavkov/hr/services/api/internal/service/course.go:89.96,90.41 1 0
github.com/vchavkov/hr/services/api/internal/service/course.go:90.41,92.3 1 0
github.com/vchavkov/hr/services/api/internal/service/course.go:94.2,94.59 1 0
github.com/vchavkov/hr/services/api/internal/service/course.go:94.59,96.3 1 0
github.com/vchavkov/hr/services/api/internal/service/course.go:97.2,97.12 1 0
github.com/vchavkov/hr/services/api/internal/service/course.go:101.116,102.41 1 0
github.com/vchavkov/hr/services/api/internal/service/course.go:102.41,104.3 1 0
github.com/vchavkov/hr/services/api/internal/service/course.go:106.2,107.16 2 0
github.com/vchavkov/hr/services/api/internal/service/course.go:107.16,109.3 1 0
github.com/vchavkov/hr/services/api/internal/service/course.go:110.2,110.31 1 0
github.com/vchavkov/hr/services/api/internal/service/course.go:114.145,115.41 1 0
github.com/vchavkov/hr/services/api/internal/service/course.go:115.41,117.3 1 0
github.com/vchavkov/hr/services/api/internal/service/course.go:119.2,120.18 2 0
github.com/vchavkov/hr/services/api/internal/service/course.go:120.18,122.3 1 0
github.com/vchavkov/hr/services/api/internal/service/course.go:123.2,123.17 1 0
github.com/vchavkov/hr/services/api/internal/service/course.go:123.17,125.3 1 0
github.com/vchavkov/hr/services/api/internal/service/course.go:127.2,128.16 2 0
github.com/vchavkov/hr/services/api/internal/service/course.go:128.16,130.3 1 0
github.com/vchavkov/hr/services/api/internal/service/course.go:131.2,131.30 1 0
github.com/vchavkov/hr/services/api/internal/service/course.go:135.98,136.41 1 0
github.com/vchavkov/hr/services/api/internal/service/course.go:136.41,138.3 1 0
github.com/vchavkov/hr/services/api/internal/service/course.go:140.2,141.16 2 0
github.com/vchavkov/hr/services/api/internal/service/course.go:141.16,143.3 1 0
github.com/vchavkov/hr/services/api/internal/service/course.go:144.2,144.22 1 0
github.com/vchavkov/hr/services/api/internal/service/course.go:148.114,149.41 1 0
github.com/vchavkov/hr/services/api/internal/service/course.go:149.41,151.3 1 0
github.com/vchavkov/hr/services/api/internal/service/course.go:153.2,154.16 2 0
github.com/vchavkov/hr/services/api/internal/service/course.go:154.16,156.3 1 0
github.com/vchavkov/hr/services/api/internal/service/course.go:157.2,157.16 1 0
github.com/vchavkov/hr/services/api/internal/service/course.go:161.98,162.41 1 0
github.com/vchavkov/hr/services/api/internal/service/course.go:162.41,164.3 1 0
github.com/vchavkov/hr/services/api/internal/service/course.go:166.2,166.67 1 0
github.com/vchavkov/hr/services/api/internal/service/course.go:166.67,168.3 1 0
github.com/vchavkov/hr/services/api/internal/service/course.go:169.2,169.12 1 0
github.com/vchavkov/hr/services/api/internal/service/course.go:173.99,174.41 1 0
github.com/vchavkov/hr/services/api/internal/service/course.go:174.41,176.3 1 0
github.com/vchavkov/hr/services/api/internal/service/course.go:178.2,179.22 2 0
github.com/vchavkov/hr/services/api/internal/service/course.go:180.15,181.52 1 0
github.com/vchavkov/hr/services/api/internal/service/course.go:182.27,183.57 1 0
github.com/vchavkov/hr/services/api/internal/service/course.go:184.21,185.60 1 0
github.com/vchavkov/hr/services/api/internal/service/course.go:186.23,187.58 1 0
github.com/vchavkov/hr/services/api/internal/service/course.go:188.10,189.67 1 0
github.com/vchavkov/hr/services/api/internal/service/course.go:192.2,192.16 1 0
github.com/vchavkov/hr/services/api/internal/service/course.go:192.16,194.3 1 0
github.com/vchavkov/hr/services/api/internal/service/course.go:195.2,195.12 1 0
github.com/vchavkov/hr/services/api/internal/service/course.go:199.76,200.41 1 0
github.com/vchavkov/hr/services/api/internal/service/course.go:200.41,202.3 1 0
github.com/vchavkov/hr/services/api/internal/service/course.go:204.2,204.65 1 0
github.com/vchavkov/hr/services/api/internal/service/course.go:204.65,206.3 1 0
github.com/vchavkov/hr/services/api/internal/service/course.go:207.2,207.12 1 0
github.com/vchavkov/hr/services/api/internal/service/course.go:211.77,212.41 1 0
github.com/vchavkov/hr/services/api/internal/service/course.go:212.41,214.3 1 0
github.com/vchavkov/hr/services/api/internal/service/course.go:216.2,216.61 1 0
github.com/vchavkov/hr/services/api/internal/service/course.go:216.61,218.3 1 0
github.com/vchavkov/hr/services/api/internal/service/course.go:219.2,219.12 1 0
github.com/vchavkov/hr/services/api/internal/service/course.go:223.133,224.41 1 0
github.com/vchavkov/hr/services/api/internal/service/course.go:224.41,226.3 1 0
github.com/vchavkov/hr/services/api/internal/service/course.go:228.2,229.16 2 0
github.com/vchavkov/hr/services/api/internal/service/course.go:229.16,231.3 1 0
github.com/vchavkov/hr/services/api/internal/service/course.go:232.2,232.30 1 0
github.com/vchavkov/hr/services/api/internal/service/course.go:236.98,237.41 1 0
github.com/vchavkov/hr/services/api/internal/service/course.go:237.41,239.3 1 0
github.com/vchavkov/hr/services/api/internal/service/course.go:241.2,242.27 2 0
github.com/vchavkov/hr/services/api/internal/service/course.go:242.27,244.3 1 0
github.com/vchavkov/hr/services/api/internal/service/course.go:246.2,246.75 1 0
github.com/vchavkov/hr/services/api/internal/service/course.go:246.75,248.3 1 0
github.com/vchavkov/hr/services/api/internal/service/course.go:249.2,249.12 1 0
github.com/vchavkov/hr/services/api/internal/service/department.go:24.93,26.2 1 0
github.com/vchavkov/hr/services/api/internal/service/department.go:29.106,31.16 2 0
github.com/vchavkov/hr/services/api/internal/service/department.go:31.16,33.3 1 0
github.com/vchavkov/hr/services/api/internal/service/department.go:34.2,34.26 1 0
github.com/vchavkov/hr/services/api/internal/service/department.go:38.90,40.16 2 0
github.com/vchavkov/hr/services/api/internal/service/department.go:40.16,42.3 1 0
github.com/vchavkov/hr/services/api/internal/service/department.go:43.2,43.18 1 0
github.com/vchavkov/hr/services/api/internal/service/employee.go:53.130,55.2 1 6
github.com/vchavkov/hr/services/api/internal/service/employee.go:60.154,65.55 3 8
github.com/vchavkov/hr/services/api/internal/service/employee.go:65.55,67.3 1 2
github.com/vchavkov/hr/services/api/internal/service/employee.go:69.2,72.16 3 6
github.com/vchavkov/hr/services/api/internal/service/employee.go:72.16,75.70 2 1
github.com/vchavkov/hr/services/api/internal/service/employee.go:75.70,77.4 1 0
github.com/vchavkov/hr/services/api/internal/service/employee.go:78.3,78.39 1 1
github.com/vchavkov/hr/services/api/internal/service/employee.go:82.2,84.30 2 5
github.com/vchavkov/hr/services/api/internal/service/employee.go:88.86,93.55 3 2
github.com/vchavkov/hr/services/api/internal/service/employee.go:93.55,95.3 1 1
github.com/vchavkov/hr/services/api/internal/service/employee.go:97.2,98.16 2 1
github.com/vchavkov/hr/services/api/internal/service/employee.go:98.16,101.70 2 0
github.com/vchavkov/hr/services/api/internal/service/employee.go:101.70,103.4 1 0
github.com/vchavkov/hr/services/api/internal/service/employee.go:104.3,104.36 1 0
github.com/vchavkov/hr/services/api/internal/service/employee.go:107.2,108.17 2 1
github.com/vchavkov/hr/services/api/internal/service/employee.go:113.102,115.16 2 1
github.com/vchavkov/hr/services/api/internal/service/employee.go:115.16,117.3 1 0
github.com/vchavkov/hr/services/api/internal/service/employee.go:119.2,121.22 2 1
github.com/vchavkov/hr/services/api/internal/service/employee.go:121.22,132.3 3 0
github.com/vchavkov/hr/services/api/internal/service/employee.go:135.2,135.25 1 1
github.com/vchavkov/hr/services/api/internal/service/employee.go:135.25,137.3 1 0
github.com/vchavkov/hr/services/api/internal/service/employee.go:139.2,139.16 1 1
github.com/vchavkov/hr/services/api/internal/service/employee.go:144.92,145.61 1 0
github.com/vchavkov/hr/services/api/internal/service/employee.go:145.61,147.3 1 0
github.com/vchavkov/hr/services/api/internal/service/employee.go:149.2,152.22 3 0
github.com/vchavkov/hr/services/api/internal/service/employee.go:152.22,163.3 3 0
github.com/vchavkov/hr/services/api/internal/service/employee.go:166.2,166.25 1 0
github.com/vchavkov/hr/services/api/internal/service/employee.go:166.25,168.3 1 0
github.com/vchavkov/hr/services/api/internal/service/employee.go:170.2,170.12 1 0
github.com/vchavkov/hr/services/api/internal/service/employee.go:174.75,176.2 1 0
github.com/vchavkov/hr/services/api/internal/service/employee.go:178.105,180.43 2 6
github.com/vchavkov/hr/services/api/internal/service/employee.go:180.43,182.3 1 0
github.com/vchavkov/hr/services/api/internal/service/employee.go:183.2,183.18 1 6
github.com/vchavkov/hr/services/api/internal/service/employee.go:183.18,185.3 1 0
github.com/vchavkov/hr/services/api/internal/service/employee.go:186.2,186.22 1 6
github.com/vchavkov/hr/services/api/internal/service/employee.go:186.22,188.3 1 0
github.com/vchavkov/hr/services/api/internal/service/employee.go:189.2,189.16 1 6
github.com/vchavkov/hr/services/api/internal/service/employee.go:189.16,191.3 1 6
github.com/vchavkov/hr/services/api/internal/service/employee.go:192.2,192.15 1 6
github.com/vchavkov/hr/services/api/internal/service/employee.go:195.126,200.2 4 10
github.com/vchavkov/hr/services/api/internal/service/employee.go:202.64,204.2 1 2
github.com/vchavkov/hr/services/api/internal/service/expense.go:26.84,28.2 1 0
github.com/vchavkov/hr/services/api/internal/service/expense.go:31.138,33.20 2 0
github.com/vchavkov/hr/services/api/internal/service/expense.go:33.20,35.3 1 0
github.com/vchavkov/hr/services/api/internal/service/expense.go:36.2,36.17 1 0
github.com/vchavkov/hr/services/api/internal/service/expense.go:36.17,38.3 1 0
github.com/vchavkov/hr/services/api/internal/service/expense.go:40.2,41.16 2 0
github.com/vchavkov/hr/services/api/internal/service/expense.go:41.16,43.3 1 0
github.com/vchavkov/hr/services/api/internal/service/expense.go:44.2,44.29 1 0
github.com/vchavkov/hr/services/api/internal/service/expense.go:48.129,57.16 3 0
github.com/vchavkov/hr/services/api/internal/service/expense.go:57.16,59.3 1 0
github.com/vchavkov/hr/services/api/internal/service/expense.go:60.2,60.16 1 0
github.com/vchavkov/hr/services/api/internal/service/expense.go:64.71,65.55 1 0
github.com/vchavkov/hr/services/api/internal/service/expense.go:65.55,67.3 1 0
github.com/vchavkov/hr/services/api/internal/service/expense.go:68.2,68.12 1 0
github.com/vchavkov/hr/services/api/internal/service/expense.go:72.70,73.54 1 0
github.com/vchavkov/hr/services/api/internal/service/expense.go:73.54,75.3 1 0
github.com/vchavkov/hr/services/api/internal/service/expense.go:76.2,76.12 1 0
github.com/vchavkov/hr/services/api/internal/service/fleet.go:26.78,28.2 1 0
github.com/vchavkov/hr/services/api/internal/service/fleet.go:31.141,32.41 1 0
github.com/vchavkov/hr/services/api/internal/service/fleet.go:32.41,34.3 1 0
github.com/vchavkov/hr/services/api/internal/service/fleet.go:36.2,37.18 2 0
github.com/vchavkov/hr/services/api/internal/service/fleet.go:37.18,39.3 1 0
github.com/vchavkov/hr/services/api/internal/service/fleet.go:40.2,40.19 1 0
github.com/vchavkov/hr/services/api/internal/service/fleet.go:40.19,42.3 1 0
github.com/vchavkov/hr/services/api/internal/service/fleet.go:44.2,45.16 2 0
github.com/vchavkov/hr/services/api/internal/service/fleet.go:45.16,47.3 1 0
github.com/vchavkov/hr/services/api/internal/service/fleet.go:48.2,48.29 1 0
github.com/vchavkov/hr/services/api/internal/service/fleet.go:52.94,53.41 1 0
github.com/vchavkov/hr/services/api/internal/service/fleet.go:53.41,55.3 1 0
github.com/vchavkov/hr/services/api/internal/service/fleet.go:57.2,58.16 2 0
github.com/vchavkov/hr/services/api/internal/service/fleet.go:58.16,60.3 1 0
github.com/vchavkov/hr/services/api/internal/service/fleet.go:61.2,61.21 1 0
github.com/vchavkov/hr/services/api/internal/service/fleet.go:65.134,66.41 1 0
github.com/vchavkov/hr/services/api/internal/service/fleet.go:66.41,68.3 1 0
github.com/vchavkov/hr/services/api/internal/service/fleet.go:70.2,71.16 2 0
github.com/vchavkov/hr/services/api/internal/service/fleet.go:71.16,73.3 1 0
github.com/vchavkov/hr/services/api/internal/service/fleet.go:74.2,74.25 1 0
github.com/vchavkov/hr/services/api/internal/service/leave.go:43.129,45.2 1 0
github.com/vchavkov/hr/services/api/internal/service/leave.go:60.135,65.55 4 0
github.com/vchavkov/hr/services/api/internal/service/leave.go:65.55,67.3 1 0
github.com/vchavkov/hr/services/api/internal/service/leave.go:69.2,72.16 3 0
github.com/vchavkov/hr/services/api/internal/service/leave.go:72.16,74.70 2 0
github.com/vchavkov/hr/services/api/internal/service/leave.go:74.70,76.4 1 0
github.com/vchavkov/hr/services/api/internal/service/leave.go:77.3,77.39 1 0
github.com/vchavkov/hr/services/api/internal/service/leave.go:80.2,81.27 2 0
github.com/vchavkov/hr/services/api/internal/service/leave.go:85.144,90.55 4 0
github.com/vchavkov/hr/services/api/internal/service/leave.go:90.55,92.3 1 0
github.com/vchavkov/hr/services/api/internal/service/leave.go:94.2,95.18 2 0
github.com/vchavkov/hr/services/api/internal/service/leave.go:95.18,97.3 1 0
github.com/vchavkov/hr/services/api/internal/service/leave.go:99.2,100.16 2 0
github.com/vchavkov/hr/services/api/internal/service/leave.go:100.16,102.70 2 0
github.com/vchavkov/hr/services/api/internal/service/leave.go:102.70,104.4 1 0
github.com/vchavkov/hr/services/api/internal/service/leave.go:105.3,105.39 1 0
github.com/vchavkov/hr/services/api/internal/service/leave.go:108.2,109.29 2 0
github.com/vchavkov/hr/services/api/internal/service/leave.go:113.103,123.16 3 0
github.com/vchavkov/hr/services/api/internal/service/leave.go:123.16,125.3 1 0
github.com/vchavkov/hr/services/api/internal/service/leave.go:127.2,128.16 2 0
github.com/vchavkov/hr/services/api/internal/service/leave.go:132.104,133.64 1 0
github.com/vchavkov/hr/services/api/internal/service/leave.go:133.64,135.3 1 0
github.com/vchavkov/hr/services/api/internal/service/leave.go:137.2,139.22 2 0
github.com/vchavkov/hr/services/api/internal/service/leave.go:139.22,150.3 3 0
github.com/vchavkov/hr/services/api/internal/service/leave.go:153.2,153.25 1 0
github.com/vchavkov/hr/services/api/internal/service/leave.go:153.25,155.3 1 0
github.com/vchavkov/hr/services/api/internal/service/leave.go:157.2,157.12 1 0
github.com/vchavkov/hr/services/api/internal/service/leave.go:161.111,162.63 1 0
github.com/vchavkov/hr/services/api/internal/service/leave.go:162.63,164.3 1 0
github.com/vchavkov/hr/services/api/internal/service/leave.go:166.2,168.22 2 0
github.com/vchavkov/hr/services/api/internal/service/leave.go:168.22,179.3 3 0
github.com/vchavkov/hr/services/api/internal/service/leave.go:182.2,182.25 1 0
github.com/vchavkov/hr/services/api/internal/service/leave.go:182.25,184.3 1 0
github.com/vchavkov/hr/services/api/internal/service/leave.go:186.2,186.12 1 0
github.com/vchavkov/hr/services/api/internal/service/leave.go:190.80,191.64 1 0
github.com/vchavkov/hr/services/api/internal/service/leave.go:191.64,193.3 1 0
github.com/vchavkov/hr/services/api/internal/service/leave.go:195.2,197.22 2 0
github.com/vchavkov/hr/services/api/internal/service/leave.go:197.22,208.3 3 0
github.com/vchavkov/hr/services/api/internal/service/leave.go:211.2,211.25 1 0
github.com/vchavkov/hr/services/api/internal/service/leave.go:211.25,213.3 1 0
github.com/vchavkov/hr/services/api/internal/service/leave.go:215.2,215.12 1 0
github.com/vchavkov/hr/services/api/internal/service/leave.go:218.67,220.43 2 0
github.com/vchavkov/hr/services/api/internal/service/leave.go:220.43,222.3 1 0
github.com/vchavkov/hr/services/api/internal/service/leave.go:223.2,223.20 1 0
github.com/vchavkov/hr/services/api/internal/service/leave.go:223.20,225.3 1 0
github.com/vchavkov/hr/services/api/internal/service/leave.go:226.2,226.15 1 0
github.com/vchavkov/hr/services/api/internal/service/leave.go:229.90,234.2 4 0
github.com/vchavkov/hr/services/api/internal/service/leave.go:236.103,241.2 4 0
github.com/vchavkov/hr/services/api/internal/service/leave.go:243.60,245.2 1 0
github.com/vchavkov/hr/services/api/internal/service/payroll.go:51.88,56.2 1 0
github.com/vchavkov/hr/services/api/internal/service/payroll.go:58.42,60.9 2 0
github.com/vchavkov/hr/services/api/internal/service/payroll.go:60.9,62.3 1 0
github.com/vchavkov/hr/services/api/internal/service/payroll.go:63.2,63.28 1 0
github.com/vchavkov/hr/services/api/internal/service/payroll.go:63.28,64.14 1 0
github.com/vchavkov/hr/services/api/internal/service/payroll.go:64.14,66.4 1 0
github.com/vchavkov/hr/services/api/internal/service/payroll.go:68.2,68.14 1 0
github.com/vchavkov/hr/services/api/internal/service/payroll.go:71.74,73.25 2 0
github.com/vchavkov/hr/services/api/internal/service/payroll.go:73.25,75.3 1 0
github.com/vchavkov/hr/services/api/internal/service/payroll.go:76.2,76.19 1 0
github.com/vchavkov/hr/services/api/internal/service/payroll.go:80.136,82.16 2 0
github.com/vchavkov/hr/services/api/internal/service/payroll.go:82.16,84.3 1 0
github.com/vchavkov/hr/services/api/internal/service/payroll.go:86.2,93.16 2 0
github.com/vchavkov/hr/services/api/internal/service/payroll.go:93.16,95.3 1 0
github.com/vchavkov/hr/services/api/internal/service/payroll.go:97.2,98.17 2 0
github.com/vchavkov/hr/services/api/internal/service/payroll.go:102.92,104.16 2 0
github.com/vchavkov/hr/services/api/internal/service/payroll.go:104.16,106.3 1 0
github.com/vchavkov/hr/services/api/internal/service/payroll.go:108.2,109.16 2 0
github.com/vchavkov/hr/services/api/internal/service/payroll.go:109.16,111.3 1 0
github.com/vchavkov/hr/services/api/internal/service/payroll.go:112.2,112.42 1 0
github.com/vchavkov/hr/services/api/internal/service/payroll.go:112.42,114.3 1 0
github.com/vchavkov/hr/services/api/internal/service/payroll.go:115.2,115.55 1 0
github.com/vchavkov/hr/services/api/internal/service/payroll.go:115.55,117.3 1 0
github.com/vchavkov/hr/services/api/internal/service/payroll.go:119.2,123.17 1 0
github.com/vchavkov/hr/services/api/internal/service/payroll.go:123.17,125.3 1 0
github.com/vchavkov/hr/services/api/internal/service/payroll.go:127.2,128.12 2 0
github.com/vchavkov/hr/services/api/internal/service/payroll.go:132.103,134.16 2 0
github.com/vchavkov/hr/services/api/internal/service/payroll.go:134.16,136.3 1 0
github.com/vchavkov/hr/services/api/internal/service/payroll.go:138.2,139.16 2 0
github.com/vchavkov/hr/services/api/internal/service/payroll.go:139.16,141.3 1 0
github.com/vchavkov/hr/services/api/internal/service/payroll.go:142.2,142.42 1 0
github.com/vchavkov/hr/services/api/internal/service/payroll.go:142.42,144.3 1 0
github.com/vchavkov/hr/services/api/internal/service/payroll.go:145.2,145.57 1 0
github.com/vchavkov/hr/services/api/internal/service/payroll.go:145.57,147.3 1 0
github.com/vchavkov/hr/services/api/internal/service/payroll.go:149.2,153.17 1 0
github.com/vchavkov/hr/services/api/internal/service/payroll.go:153.17,155.3 1 0
github.com/vchavkov/hr/services/api/internal/service/payroll.go:157.2,162.55 3 0
github.com/vchavkov/hr/services/api/internal/service/payroll.go:162.55,169.3 2 0
github.com/vchavkov/hr/services/api/internal/service/payroll.go:171.2,172.12 2 0
github.com/vchavkov/hr/services/api/internal/service/payroll.go:176.99,178.16 2 0
github.com/vchavkov/hr/services/api/internal/service/payroll.go:178.16,180.3 1 0
github.com/vchavkov/hr/services/api/internal/service/payroll.go:181.2,182.16 2 0
github.com/vchavkov/hr/services/api/internal/service/payroll.go:182.16,184.3 1 0
github.com/vchavkov/hr/services/api/internal/service/payroll.go:185.2,185.17 1 0
github.com/vchavkov/hr/services/api/internal/service/payroll.go:189.125,191.16 2 0
github.com/vchavkov/hr/services/api/internal/service/payroll.go:191.16,193.3 1 0
github.com/vchavkov/hr/services/api/internal/service/payroll.go:195.2,201.16 2 0
github.com/vchavkov/hr/services/api/internal/service/payroll.go:201.16,203.3 1 0
github.com/vchavkov/hr/services/api/internal/service/payroll.go:205.2,209.16 2 0
github.com/vchavkov/hr/services/api/internal/service/payroll.go:209.16,211.3 1 0
github.com/vchavkov/hr/services/api/internal/service/payroll.go:213.2,213.25 1 0
github.com/vchavkov/hr/services/api/internal/service/payroll.go:217.92,219.16 2 0
github.com/vchavkov/hr/services/api/internal/service/payroll.go:219.16,221.3 1 0
github.com/vchavkov/hr/services/api/internal/service/payroll.go:223.2,224.16 2 0
github.com/vchavkov/hr/services/api/internal/service/payroll.go:224.16,226.3 1 0
github.com/vchavkov/hr/services/api/internal/service/payroll.go:227.2,227.42 1 0
github.com/vchavkov/hr/services/api/internal/service/payroll.go:227.42,229.3 1 0
github.com/vchavkov/hr/services/api/internal/service/payroll.go:230.2,230.56 1 0
github.com/vchavkov/hr/services/api/internal/service/payroll.go:230.56,232.3 1 0
github.com/vchavkov/hr/services/api/internal/service/payroll.go:234.2,238.17 1 0
github.com/vchavkov/hr/services/api/internal/service/payroll.go:238.17,240.3 1 0
github.com/vchavkov/hr/services/api/internal/service/payroll.go:242.2,243.12 2 0
github.com/vchavkov/hr/services/api/internal/service/payroll.go:246.138,248.9 2 0
github.com/vchavkov/hr/services/api/internal/service/payroll.go:248.9,250.3 1 0
github.com/vchavkov/hr/services/api/internal/service/payroll.go:251.2,252.20 2 0
github.com/vchavkov/hr/services/api/internal/service/payroll.go:252.20,254.3 1 0
github.com/vchavkov/hr/services/api/internal/service/payroll.go:255.2,262.17 1 0
github.com/vchavkov/hr/services/api/internal/service/payroll.go:262.17,264.3 1 0
github.com/vchavkov/hr/services/api/internal/service/payroll_oca.go:30.93,32.2 1 0
github.com/vchavkov/hr/services/api/internal/service/payroll_oca.go:35.122,37.16 2 0
github.com/vchavkov/hr/services/api/internal/service/payroll_oca.go:37.16,39.3 1 0
github.com/vchavkov/hr/services/api/internal/service/payroll_oca.go:40.2,40.31 1 0
github.com/vchavkov/hr/services/api/internal/service/payroll_oca.go:44.105,46.16 2 0
github.com/vchavkov/hr/services/api/internal/service/payroll_oca.go:46.16,48.3 1 0
github.com/vchavkov/hr/services/api/internal/service/payroll_oca.go:49.2,49.23 1 0
github.com/vchavkov/hr/services/api/internal/service/payroll_oca.go:53.127,55.18 2 0
github.com/vchavkov/hr/services/api/internal/service/payroll_oca.go:55.18,57.3 1 0
github.com/vchavkov/hr/services/api/internal/service/payroll_oca.go:58.2,59.16 2 0
github.com/vchavkov/hr/services/api/internal/service/payroll_oca.go:59.16,61.3 1 0
github.com/vchavkov/hr/services/api/internal/service/payroll_oca.go:62.2,62.26 1 0
github.com/vchavkov/hr/services/api/internal/service/payroll_oca.go:66.146,68.20 2 0
github.com/vchavkov/hr/services/api/internal/service/payroll_oca.go:68.20,70.3 1 0
github.com/vchavkov/hr/services/api/internal/service/payroll_oca.go:71.2,71.17 1 0
github.com/vchavkov/hr/services/api/internal/service/payroll_oca.go:71.17,73.3 1 0
github.com/vchavkov/hr/services/api/internal/service/payroll_oca.go:74.2,75.16 2 0
github.com/vchavkov/hr/services/api/internal/service/payroll_oca.go:75.16,77.3 1 0
github.com/vchavkov/hr/services/api/internal/service/payroll_oca.go:78.2,78.29 1 0
github.com/vchavkov/hr/services/api/internal/service/payroll_oca.go:82.113,89.16 3 0
github.com/vchavkov/hr/services/api/internal/service/payroll_oca.go:89.16,91.3 1 0
github.com/vchavkov/hr/services/api/internal/service/payroll_oca.go:92.2,92.16 1 0
github.com/vchavkov/hr/services/api/internal/service/payroll_oca.go:96.86,97.60 1 0
github.com/vchavkov/hr/services/api/internal/service/payroll_oca.go:97.60,99.3 1 0
github.com/vchavkov/hr/services/api/internal/service/payroll_oca.go:100.2,100.12 1 0
github.com/vchavkov/hr/services/api/internal/service/payroll_oca.go:104.87,105.61 1 0
github.com/vchavkov/hr/services/api/internal/service/payroll_oca.go:105.61,107.3 1 0
github.com/vchavkov/hr/services/api/internal/service/payroll_oca.go:108.2,108.12 1 0
github.com/vchavkov/hr/services/api/internal/service/payslip.go:24.61,26.2 1 0
github.com/vchavkov/hr/services/api/internal/service/payslip.go:29.87,31.25 2 0
github.com/vchavkov/hr/services/api/internal/service/payslip.go:31.25,33.3 1 0
[...]
github.com/vchavkov/hr/services/api/platform/odoo/department.go:25.2,26.30 2 0
github.com/vchavkov/hr/services/api/platform/odoo/department.go:26.30,28.3 1 0
github.com/vchavkov/hr/services/api/platform/odoo/department.go:30.2,30.31 1 0
github.com/vchavkov/hr/services/api/platform/odoo/department.go:34.84,36.16 2 0
github.com/vchavkov/hr/services/api/platform/odoo/department.go:36.16,38.3 1 0
github.com/vchavkov/hr/services/api/platform/odoo/department.go:40.2,40.23 1 0
github.com/vchavkov/hr/services/api/platform/odoo/department.go:40.23,42.3 1 0
github.com/vchavkov/hr/services/api/platform/odoo/department.go:44.2,45.16 2 0
github.com/vchavkov/hr/services/api/platform/odoo/department.go:49.53,59.2 1 0
github.com/vchavkov/hr/services/api/platform/odoo/employee.go:11.111,12.19 1 3
github.com/vchavkov/hr/services/api/platform/odoo/employee.go:12.19,14.3 1 2
github.com/vchavkov/hr/services/api/platform/odoo/employee.go:17.2,18.16 2 3
github.com/vchavkov/hr/services/api/platform/odoo/employee.go:18.16,20.3 1 0
github.com/vchavkov/hr/services/api/platform/odoo/employee.go:23.2,24.16 2 3
github.com/vchavkov/hr/services/api/platform/odoo/employee.go:24.16,26.3 1 0
github.com/vchavkov/hr/services/api/platform/odoo/employee.go:28.2,29.30 2 3
github.com/vchavkov/hr/services/api/platform/odoo/employee.go:29.30,31.17 2 4
github.com/vchavkov/hr/services/api/platform/odoo/employee.go:31.17,33.4 1 0
github.com/vchavkov/hr/services/api/platform/odoo/employee.go:34.3,34.37 1 4
github.com/vchavkov/hr/services/api/platform/odoo/employee.go:37.2,37.35 1 3
github.com/vchavkov/hr/services/api/platform/odoo/employee.go:41.80,43.16 2 1
github.com/vchavkov/hr/services/api/platform/odoo/employee.go:43.16,45.3 1 0
github.com/vchavkov/hr/services/api/platform/odoo/employee.go:47.2,47.23 1 1
github.com/vchavkov/hr/services/api/platform/odoo/employee.go:47.23,49.3 1 0
github.com/vchavkov/hr/services/api/platform/odoo/employee.go:51.2,52.16 2 1
github.com/vchavkov/hr/services/api/platform/odoo/employee.go:52.16,54.3 1 0
github.com/vchavkov/hr/services/api/platform/odoo/employee.go:56.2,56.18 1 1
github.com/vchavkov/hr/services/api/platform/odoo/employee.go:60.96,67.26 2 1
github.com/vchavkov/hr/services/api/platform/odoo/employee.go:67.26,69.3 1 1
github.com/vchavkov/hr/services/api/platform/odoo/employee.go:71.2,72.16 2 1
github.com/vchavkov/hr/services/api/platform/odoo/employee.go:72.16,74.3 1 0
github.com/vchavkov/hr/services/api/platform/odoo/employee.go:76.2,76.16 1 1
github.com/vchavkov/hr/services/api/platform/odoo/employee.go:81.91,82.62 1 1
github.com/vchavkov/hr/services/api/platform/odoo/employee.go:82.62,84.3 1 0
github.com/vchavkov/hr/services/api/platform/odoo/employee.go:85.2,85.12 1 1
github.com/vchavkov/hr/services/api/platform/odoo/employee.go:89.58,108.2 5 5
github.com/vchavkov/hr/services/api/platform/odoo/employee.go:112.36,114.25 2 15
github.com/vchavkov/hr/services/api/platform/odoo/employee.go:114.25,116.3 1 0
github.com/vchavkov/hr/services/api/platform/odoo/employee.go:117.2,120.3 1 15
github.com/vchavkov/hr/services/api/platform/odoo/employee.go:124.27,125.23 1 20
github.com/vchavkov/hr/services/api/platform/odoo/employee.go:126.15,127.18 1 20
github.com/vchavkov/hr/services/api/platform/odoo/employee.go:128.13,129.11 1 0
github.com/vchavkov/hr/services/api/platform/odoo/employee.go:130.11,131.18 1 0
github.com/vchavkov/hr/services/api/platform/odoo/employee.go:132.19,134.11 2 0
github.com/vchavkov/hr/services/api/platform/odoo/employee.go:135.10,136.11 1 0
github.com/vchavkov/hr/services/api/platform/odoo/employee.go:141.29,144.2 2 55
github.com/vchavkov/hr/services/api/platform/odoo/employee.go:147.25,150.2 2 5
github.com/vchavkov/hr/services/api/platform/odoo/employee.go:153.34,155.9 2 0
github.com/vchavkov/hr/services/api/platform/odoo/employee.go:155.9,157.3 1 0
github.com/vchavkov/hr/services/api/platform/odoo/employee.go:158.2,159.27 2 0
github.com/vchavkov/hr/services/api/platform/odoo/employee.go:159.27,161.3 1 0
github.com/vchavkov/hr/services/api/platform/odoo/employee.go:162.2,162.15 1 0
github.com/vchavkov/hr/services/api/platform/odoo/expense.go:10.115,11.19 1 0
github.com/vchavkov/hr/services/api/platform/odoo/expense.go:11.19,13.3 1 0
github.com/vchavkov/hr/services/api/platform/odoo/expense.go:15.2,16.16 2 0
github.com/vchavkov/hr/services/api/platform/odoo/expense.go:16.16,18.3 1 0
github.com/vchavkov/hr/services/api/platform/odoo/expense.go:20.2,21.16 2 0
github.com/vchavkov/hr/services/api/platform/odoo/expense.go:21.16,23.3 1 0
github.com/vchavkov/hr/services/api/platform/odoo/expense.go:25.2,26.30 2 0
github.com/vchavkov/hr/services/api/platform/odoo/expense.go:26.30,28.3 1 0
github.com/vchavkov/hr/services/api/platform/odoo/expense.go:30.2,30.34 1 0
github.com/vchavkov/hr/services/api/platform/odoo/expense.go:34.89,36.16 2 0
github.com/vchavkov/hr/services/api/platform/odoo/expense.go:36.16,38.3 1 0
github.com/vchavkov/hr/services/api/platform/odoo/expense.go:39.2,39.16 1 0
github.com/vchavkov/hr/services/api/platform/odoo/expense.go:43.70,45.2 1 0
github.com/vchavkov/hr/services/api/platform/odoo/expense.go:48.69,50.2 1 0
github.com/vchavkov/hr/services/api/platform/odoo/expense.go:53.53,63.2 1 0
github.com/vchavkov/hr/services/api/platform/odoo/fleet.go:9.119,10.19 1 0
github.com/vchavkov/hr/services/api/platform/odoo/fleet.go:10.19,12.3 1 0
github.com/vchavkov/hr/services/api/platform/odoo/fleet.go:14.2,15.16 2 0
github.com/vchavkov/hr/services/api/platform/odoo/fleet.go:15.16,17.3 1 0
github.com/vchavkov/hr/services/api/platform/odoo/fleet.go:19.2,20.16 2 0
github.com/vchavkov/hr/services/api/platform/odoo/fleet.go:20.16,22.3 1 0
github.com/vchavkov/hr/services/api/platform/odoo/fleet.go:24.2,25.30 2 0
github.com/vchavkov/hr/services/api/platform/odoo/fleet.go:25.30,27.3 1 0
github.com/vchavkov/hr/services/api/platform/odoo/fleet.go:29.2,29.34 1 0
github.com/vchavkov/hr/services/api/platform/odoo/fleet.go:33.88,35.16 2 0
github.com/vchavkov/hr/services/api/platform/odoo/fleet.go:35.16,37.3 1 0
github.com/vchavkov/hr/services/api/platform/odoo/fleet.go:39.2,39.23 1 0
github.com/vchavkov/hr/services/api/platform/odoo/fleet.go:39.23,41.3 1 0
github.com/vchavkov/hr/services/api/platform/odoo/fleet.go:43.2,44.16 2 0
github.com/vchavkov/hr/services/api/platform/odoo/fleet.go:48.128,52.16 3 0
github.com/vchavkov/hr/services/api/platform/odoo/fleet.go:52.16,54.3 1 0
github.com/vchavkov/hr/services/api/platform/odoo/fleet.go:56.2,57.16 2 0
github.com/vchavkov/hr/services/api/platform/odoo/fleet.go:57.16,59.3 1 0
github.com/vchavkov/hr/services/api/platform/odoo/fleet.go:61.2,62.30 2 0
github.com/vchavkov/hr/services/api/platform/odoo/fleet.go:62.30,64.3 1 0
github.com/vchavkov/hr/services/api/platform/odoo/fleet.go:66.2,66.30 1 0
github.com/vchavkov/hr/services/api/platform/odoo/fleet.go:70.57,84.2 1 0
github.com/vchavkov/hr/services/api/platform/odoo/fleet.go:87.63,98.2 1 0
github.com/vchavkov/hr/services/api/platform/odoo/leave.go:9.127,10.19 1 0
github.com/vchavkov/hr/services/api/platform/odoo/leave.go:10.19,12.3 1 0
github.com/vchavkov/hr/services/api/platform/odoo/leave.go:14.2,15.16 2 0
github.com/vchavkov/hr/services/api/platform/odoo/leave.go:15.16,17.3 1 0
github.com/vchavkov/hr/services/api/platform/odoo/leave.go:19.2,20.16 2 0
github.com/vchavkov/hr/services/api/platform/odoo/leave.go:20.16,22.3 1 0
github.com/vchavkov/hr/services/api/platform/odoo/leave.go:24.2,25.30 2 0
github.com/vchavkov/hr/services/api/platform/odoo/leave.go:25.30,34.3 4 0
github.com/vchavkov/hr/services/api/platform/odoo/leave.go:36.2,36.32 1 0
github.com/vchavkov/hr/services/api/platform/odoo/leave.go:40.121,41.19 1 0
github.com/vchavkov/hr/services/api/platform/odoo/leave.go:41.19,43.3 1 0
github.com/vchavkov/hr/services/api/platform/odoo/leave.go:45.2,46.16 2 0
github.com/vchavkov/hr/services/api/platform/odoo/leave.go:46.16,48.3 1 0
github.com/vchavkov/hr/services/api/platform/odoo/leave.go:50.2,51.16 2 0
github.com/vchavkov/hr/services/api/platform/odoo/leave.go:51.16,53.3 1 0
github.com/vchavkov/hr/services/api/platform/odoo/leave.go:55.2,56.30 2 0
github.com/vchavkov/hr/services/api/platform/odoo/leave.go:56.30,68.3 4 0
github.com/vchavkov/hr/services/api/platform/odoo/leave.go:70.2,70.34 1 0
github.com/vchavkov/hr/services/api/platform/odoo/leave.go:74.94,76.16 2 0
github.com/vchavkov/hr/services/api/platform/odoo/leave.go:76.16,78.3 1 0
github.com/vchavkov/hr/services/api/platform/odoo/leave.go:79.2,79.16 1 0
github.com/vchavkov/hr/services/api/platform/odoo/leave.go:83.74,84.88 1 0
github.com/vchavkov/hr/services/api/platform/odoo/leave.go:84.88,86.3 1 0
github.com/vchavkov/hr/services/api/platform/odoo/leave.go:87.2,87.12 1 0
github.com/vchavkov/hr/services/api/platform/odoo/leave.go:91.79,93.2 1 0
github.com/vchavkov/hr/services/api/platform/odoo/leave.go:96.78,98.2 1 0
github.com/vchavkov/hr/services/api/platform/odoo/payroll.go:10.127,11.19 1 0
github.com/vchavkov/hr/services/api/platform/odoo/payroll.go:11.19,13.3 1 0
github.com/vchavkov/hr/services/api/platform/odoo/payroll.go:15.2,16.16 2 0
github.com/vchavkov/hr/services/api/platform/odoo/payroll.go:16.16,18.3 1 0
github.com/vchavkov/hr/services/api/platform/odoo/payroll.go:20.2,21.16 2 0
github.com/vchavkov/hr/services/api/platform/odoo/payroll.go:21.16,23.3 1 0
github.com/vchavkov/hr/services/api/platform/odoo/payroll.go:25.2,26.30 2 0
github.com/vchavkov/hr/services/api/platform/odoo/payroll.go:26.30,28.17 2 0
github.com/vchavkov/hr/services/api/platform/odoo/payroll.go:28.17,30.4 1 0
github.com/vchavkov/hr/services/api/platform/odoo/payroll.go:31.3,31.37 1 0
github.com/vchavkov/hr/services/api/platform/odoo/payroll.go:34.2,34.36 1 0
github.com/vchavkov/hr/services/api/platform/odoo/payroll.go:38.96,40.16 2 0
github.com/vchavkov/hr/services/api/platform/odoo/payroll.go:40.16,42.3 1 0
github.com/vchavkov/hr/services/api/platform/odoo/payroll.go:44.2,44.23 1 0
github.com/vchavkov/hr/services/api/platform/odoo/payroll.go:44.23,46.3 1 0
github.com/vchavkov/hr/services/api/platform/odoo/payroll.go:48.2,49.16 2 0
github.com/vchavkov/hr/services/api/platform/odoo/payroll.go:49.16,51.3 1 0
github.com/vchavkov/hr/services/api/platform/odoo/payroll.go:53.2,53.16 1 0
github.com/vchavkov/hr/services/api/platform/odoo/payroll.go:58.115,59.19 1 0
github.com/vchavkov/hr/services/api/platform/odoo/payroll.go:59.19,61.3 1 0
github.com/vchavkov/hr/services/api/platform/odoo/payroll.go:63.2,64.16 2 0
github.com/vchavkov/hr/services/api/platform/odoo/payroll.go:64.16,66.3 1 0
github.com/vchavkov/hr/services/api/platform/odoo/payroll.go:68.2,69.16 2 0
github.com/vchavkov/hr/services/api/platform/odoo/payroll.go:69.16,71.3 1 0
github.com/vchavkov/hr/services/api/platform/odoo/payroll.go:73.2,74.30 2 0
github.com/vchavkov/hr/services/api/platform/odoo/payroll.go:74.30,76.17 2 0
github.com/vchavkov/hr/services/api/platform/odoo/payroll.go:76.17,78.4 1 0
github.com/vchavkov/hr/services/api/platform/odoo/payroll.go:79.3,79.27 1 0
github.com/vchavkov/hr/services/api/platform/odoo/payroll.go:82.2,82.31 1 0
github.com/vchavkov/hr/services/api/platform/odoo/payroll.go:87.115,88.19 1 0
github.com/vchavkov/hr/services/api/platform/odoo/payroll.go:88.19,90.3 1 0
github.com/vchavkov/hr/services/api/platform/odoo/payroll.go:92.2,93.16 2 0
github.com/vchavkov/hr/services/api/platform/odoo/payroll.go:93.16,95.3 1 0
github.com/vchavkov/hr/services/api/platform/odoo/payroll.go:97.2,98.16 2 0
github.com/vchavkov/hr/services/api/platform/odoo/payroll.go:98.16,100.3 1 0
github.com/vchavkov/hr/services/api/platform/odoo/payroll.go:102.2,103.30 2 0
github.com/vchavkov/hr/services/api/platform/odoo/payroll.go:103.30,105.17 2 0
github.com/vchavkov/hr/services/api/platform/odoo/payroll.go:105.17,107.4 1 0
github.com/vchavkov/hr/services/api/platform/odoo/payroll.go:108.3,108.33 1 0
github.com/vchavkov/hr/services/api/platform/odoo/payroll.go:111.2,111.34 1 0
github.com/vchavkov/hr/services/api/platform/odoo/payroll.go:116.115,117.19 1 0
github.com/vchavkov/hr/services/api/platform/odoo/payroll.go:117.19,119.3 1 0
github.com/vchavkov/hr/services/api/platform/odoo/payroll.go:121.2,122.16 2 0
github.com/vchavkov/hr/services/api/platform/odoo/payroll.go:122.16,124.3 1 0
github.com/vchavkov/hr/services/api/platform/odoo/payroll.go:126.2,127.16 2 0
github.com/vchavkov/hr/services/api/platform/odoo/payroll.go:127.16,129.3 1 0
github.com/vchavkov/hr/services/api/platform/odoo/payroll.go:131.2,132.30 2 0
github.com/vchavkov/hr/services/api/platform/odoo/payroll.go:132.30,134.17 2 0
github.com/vchavkov/hr/services/api/platform/odoo/payroll.go:134.17,136.4 1 0
github.com/vchavkov/hr/services/api/platform/odoo/payroll.go:137.3,137.25 1 0
github.com/vchavkov/hr/services/api/platform/odoo/payroll.go:140.2,140.30 1 0
github.com/vchavkov/hr/services/api/platform/odoo/payroll.go:144.92,146.16 2 0
github.com/vchavkov/hr/services/api/platform/odoo/payroll.go:146.16,148.3 1 0
github.com/vchavkov/hr/services/api/platform/odoo/payroll.go:149.2,149.16 1 0
github.com/vchavkov/hr/services/api/platform/odoo/payroll.go:153.75,154.104 1 0
github.com/vchavkov/hr/services/api/platform/odoo/payroll.go:154.104,156.3 1 0
github.com/vchavkov/hr/services/api/platform/odoo/payroll.go:157.2,157.12 1 0
github.com/vchavkov/hr/services/api/platform/odoo/payroll.go:161.76,162.92 1 0
github.com/vchavkov/hr/services/api/platform/odoo/payroll.go:162.92,164.3 1 0
github.com/vchavkov/hr/services/api/platform/odoo/payroll.go:165.2,165.12 1 0
github.com/vchavkov/hr/services/api/platform/odoo/payroll.go:169.74,181.2 3 0
github.com/vchavkov/hr/services/api/platform/odoo/payroll.go:184.62,199.2 4 0
github.com/vchavkov/hr/services/api/platform/odoo/payroll.go:202.62,220.2 6 0
github.com/vchavkov/hr/services/api/platform/odoo/payroll.go:223.62,233.2 2 0
github.com/vchavkov/hr/services/api/platform/odoo/payslip.go:28.116,30.19 2 0
github.com/vchavkov/hr/services/api/platform/odoo/payslip.go:30.19,32.3 1 0
github.com/vchavkov/hr/services/api/platform/odoo/payslip.go:34.2,35.16 2 0
github.com/vchavkov/hr/services/api/platform/odoo/payslip.go:35.16,37.3 1 0
github.com/vchavkov/hr/services/api/platform/odoo/payslip.go:38.2,39.57 2 0
github.com/vchavkov/hr/services/api/platform/odoo/payslip.go:39.57,41.3 1 0
github.com/vchavkov/hr/services/api/platform/odoo/payslip.go:43.2,49.16 2 0
github.com/vchavkov/hr/services/api/platform/odoo/payslip.go:49.16,51.3 1 0
github.com/vchavkov/hr/services/api/platform/odoo/payslip.go:53.2,54.55 2 0
github.com/vchavkov/hr/services/api/platform/odoo/payslip.go:54.55,56.3 1 0
github.com/vchavkov/hr/services/api/platform/odoo/payslip.go:58.2,58.29 1 0
github.com/vchavkov/hr/services/api/platform/odoo/project.go:9.109,10.19 1 0
github.com/vchavkov/hr/services/api/platform/odoo/project.go:10.19,12.3 1 0
github.com/vchavkov/hr/services/api/platform/odoo/project.go:14.2,15.16 2 0
github.com/vchavkov/hr/services/api/platform/odoo/project.go:15.16,17.3 1 0
github.com/vchavkov/hr/services/api/platform/odoo/project.go:19.2,20.16 2 0
github.com/vchavkov/hr/services/api/platform/odoo/project.go:20.16,22.3 1 0
github.com/vchavkov/hr/services/api/platform/odoo/project.go:24.2,25.30 2 0
github.com/vchavkov/hr/services/api/platform/odoo/project.go:25.30,27.3 1 0
github.com/vchavkov/hr/services/api/platform/odoo/project.go:29.2,29.34 1 0
github.com/vchavkov/hr/services/api/platform/odoo/project.go:33.78,35.16 2 0
github.com/vchavkov/hr/services/api/platform/odoo/project.go:35.16,37.3 1 0
github.com/vchavkov/hr/services/api/platform/odoo/project.go:39.2,39.23 1 0
github.com/vchavkov/hr/services/api/platform/odoo/project.go:39.23,41.3 1 0
github.com/vchavkov/hr/services/api/platform/odoo/project.go:43.2,44.16 2 0
github.com/vchavkov/hr/services/api/platform/odoo/project.go:48.120,50.19 2 0
github.com/vchavkov/hr/services/api/platform/odoo/project.go:50.19,52.3 1 0
github.com/vchavkov/hr/services/api/platform/odoo/project.go:54.2,55.16 2 0
github.com/vchavkov/hr/services/api/platform/odoo/project.go:55.16,57.3 1 0
github.com/vchavkov/hr/services/api/platform/odoo/project.go:59.2,60.16 2 0
github.com/vchavkov/hr/services/api/platform/odoo/project.go:60.16,62.3 1 0
github.com/vchavkov/hr/services/api/platform/odoo/project.go:64.2,65.30 2 0
github.com/vchavkov/hr/services/api/platform/odoo/project.go:65.30,67.3 1 0
github.com/vchavkov/hr/services/api/platform/odoo/project.go:69.2,69.31 1 0
github.com/vchavkov/hr/services/api/platform/odoo/project.go:73.86,75.16 2 0
github.com/vchavkov/hr/services/api/platform/odoo/project.go:75.16,77.3 1 0
github.com/vchavkov/hr/services/api/platform/odoo/project.go:79.2,79.23 1 0
github.com/vchavkov/hr/services/api/platform/odoo/project.go:79.23,81.3 1 0
github.com/vchavkov/hr/services/api/platform/odoo/project.go:83.2,84.16 2 0
github.com/vchavkov/hr/services/api/platform/odoo/project.go:88.47,101.2 1 0
github.com/vchavkov/hr/services/api/platform/odoo/project.go:104.55,118.2 1 0
github.com/vchavkov/hr/services/api/platform/odoo/skill.go:10.125,14.16 3 0
github.com/vchavkov/hr/services/api/platform/odoo/skill.go:14.16,16.3 1 0
github.com/vchavkov/hr/services/api/platform/odoo/skill.go:18.2,19.16 2 0
github.com/vchavkov/hr/services/api/platform/odoo/skill.go:19.16,21.3 1 0
github.com/vchavkov/hr/services/api/platform/odoo/skill.go:23.2,24.30 2 0
github.com/vchavkov/hr/services/api/platform/odoo/skill.go:24.30,26.3 1 0
github.com/vchavkov/hr/services/api/platform/odoo/skill.go:28.2,28.32 1 0
github.com/vchavkov/hr/services/api/platform/odoo/skill.go:32.115,40.16 3 0
github.com/vchavkov/hr/services/api/platform/odoo/skill.go:40.16,42.3 1 0
github.com/vchavkov/hr/services/api/platform/odoo/skill.go:44.2,44.16 1 0
github.com/vchavkov/hr/services/api/platform/odoo/skill.go:48.75,49.86 1 0
github.com/vchavkov/hr/services/api/platform/odoo/skill.go:49.86,51.3 1 0
github.com/vchavkov/hr/services/api/platform/odoo/skill.go:52.2,52.12 1 0
github.com/vchavkov/hr/services/api/platform/odoo/skill.go:57.105,58.19 1 0
github.com/vchavkov/hr/services/api/platform/odoo/skill.go:58.19,60.3 1 0
github.com/vchavkov/hr/services/api/platform/odoo/skill.go:62.2,63.16 2 0
github.com/vchavkov/hr/services/api/platform/odoo/skill.go:63.16,65.3 1 0
github.com/vchavkov/hr/services/api/platform/odoo/skill.go:67.2,68.16 2 0
github.com/vchavkov/hr/services/api/platform/odoo/skill.go:68.16,70.3 1 0
github.com/vchavkov/hr/services/api/platform/odoo/skill.go:72.2,73.30 2 0
github.com/vchavkov/hr/services/api/platform/odoo/skill.go:73.30,79.3 1 0
github.com/vchavkov/hr/services/api/platform/odoo/skill.go:81.2,81.32 1 0
github.com/vchavkov/hr/services/api/platform/odoo/skill.go:85.59,93.2 1 0
github.com/vchavkov/hr/services/api/platform/odoo/timesheet.go:10.118,11.19 1 0
github.com/vchavkov/hr/services/api/platform/odoo/timesheet.go:11.19,13.3 1 0
github.com/vchavkov/hr/services/api/platform/odoo/timesheet.go:15.2,16.16 2 0
github.com/vchavkov/hr/services/api/platform/odoo/timesheet.go:16.16,18.3 1 0
github.com/vchavkov/hr/services/api/platform/odoo/timesheet.go:20.2,21.16 2 0
github.com/vchavkov/hr/services/api/platform/odoo/timesheet.go:21.16,23.3 1 0
github.com/vchavkov/hr/services/api/platform/odoo/timesheet.go:25.2,26.30 2 0
github.com/vchavkov/hr/services/api/platform/odoo/timesheet.go:26.30,28.3 1 0
github.com/vchavkov/hr/services/api/platform/odoo/timesheet.go:30.2,30.33 1 0
github.com/vchavkov/hr/services/api/platform/odoo/timesheet.go:34.91,36.16 2 0
github.com/vchavkov/hr/services/api/platform/odoo/timesheet.go:36.16,38.3 1 0
github.com/vchavkov/hr/services/api/platform/odoo/timesheet.go:39.2,39.16 1 0
github.com/vchavkov/hr/services/api/platform/odoo/timesheet.go:43.92,44.72 1 0
github.com/vchavkov/hr/services/api/platform/odoo/timesheet.go:44.72,46.3 1 0
github.com/vchavkov/hr/services/api/platform/odoo/timesheet.go:47.2,47.12 1 0
github.com/vchavkov/hr/services/api/platform/odoo/timesheet.go:51.56,61.2 1 0
github.com/vchavkov/hr/services/api/platform/odoo/types.go:28.35,30.2 1 0
